#
# A fatal error has been detected by the Java Runtime Environment:
#
#  Internal Error (javaClasses.cpp:136), pid=8280, tid=140178527692544
#  fatal error: Invalid layout of preloaded class
#
# JRE version:  (7.0_51-b13) (build )
# Java VM: Java HotSpot(TM) 64-Bit Server VM (24.51-b03 mixed mode linux-amd64 compressed oops)
# Failed to write core dump. Core dumps have been disabled. To enable core dumping, try "ulimit -c unlimited" before starting Java again
#
# If you would like to submit a bug report, please visit:
#   http://bugreport.sun.com/bugreport/crash.jsp
#

---------------  T H R E A D  ---------------

Current thread (0x00007f7dd4009800):  JavaThread "Unknown thread" [_thread_in_vm, id=8285, stack(0x00007f7ddb492000,0x00007f7ddb593000)]

Stack: [0x00007f7ddb492000,0x00007f7ddb593000],  sp=0x00007f7ddb5917c0,  free space=1021k
Native frames: (J=compiled Java code, j=interpreted, Vv=VM code, C=native code)
V  [libjvm.so+0x992f4a]  VMError::report_and_die()+0x2ea
V  [libjvm.so+0x493569]  report_fatal(char const*, int, char const*)+0x59
V  [libjvm.so+0x5fdce0]  compute_offset(int&, klassOopDesc*, Symbol*, Symbol*, bool)+0x140
V  [libjvm.so+0x5fe7f9]  java_lang_String::compute_offsets()+0x39
V  [libjvm.so+0x9191c5]  SystemDictionary::initialize_preloaded_classes(Thread*)+0x1a5
V  [libjvm.so+0x967f04]  Universe::genesis(Thread*)+0x494
V  [libjvm.so+0x9683b9]  universe2_init()+0x29
V  [libjvm.so+0x5a967d]  init_globals()+0xbd
V  [libjvm.so+0x94ef8d]  Threads::create_vm(JavaVMInitArgs*, bool*)+0x1ed
V  [libjvm.so+0x6307e4]  JNI_CreateJavaVM+0x74
C  [libjli.so+0x2f8e]  JavaMain+0x9e


---------------  P R O C E S S  ---------------

Java Threads: ( => current thread )

Other Threads:

=>0x00007f7dd4009800 (exited) JavaThread "Unknown thread" [_thread_in_vm, id=8285, stack(0x00007f7ddb492000,0x00007f7ddb593000)]

VM state:not at safepoint (not fully initialized)

VM Mutex/Monitor currently owned by a thread: None

GC Heap History (0 events):
No events

Deoptimization events (0 events):
No events

Internal exceptions (0 events):
No events

Events (10 events):
Event: 0.012 loading class 0x00007f7dd80246f0 done
Event: 0.012 loading class 0x00007f7dd8024110 done
Event: 0.012 loading class 0x00007f7dd80240f0
Event: 0.013 loading class 0x00007f7dd802c1f0
Event: 0.013 loading class 0x00007f7dd802c1f0 done
Event: 0.013 loading class 0x00007f7dd802c220
Event: 0.013 loading class 0x00007f7dd802c220 done
Event: 0.013 loading class 0x00007f7dd802c250
Event: 0.013 loading class 0x00007f7dd802c250 done
Event: 0.013 loading class 0x00007f7dd80240f0 done


Dynamic libraries:
00400000-00401000 r-xp 00000000 07:00 446726                             /usr/lib/jvm/java-7-oracle/bin/java
00600000-00601000 rw-p 00000000 07:00 446726                             /usr/lib/jvm/java-7-oracle/bin/java
00af7000-00b18000 rw-p 00000000 00:00 0                                  [heap]
77ec00000-780100000 rw-p 00000000 00:00 0 
780100000-783e00000 rw-p 00000000 00:00 0 
783e00000-789080000 rw-p 00000000 00:00 0 
789080000-7d6a00000 rw-p 00000000 00:00 0 
7d6a00000-7d9380000 rw-p 00000000 00:00 0 
7d9380000-800000000 rw-p 00000000 00:00 0 
7f7da7f60000-7f7dac000000 rw-p 00000000 00:00 0 
7f7dac000000-7f7dac021000 rw-p 00000000 00:00 0 
7f7dac021000-7f7db0000000 ---p 00000000 00:00 0 
7f7db0000000-7f7db0021000 rw-p 00000000 00:00 0 
7f7db0021000-7f7db4000000 ---p 00000000 00:00 0 
7f7db4000000-7f7db4021000 rw-p 00000000 00:00 0 
7f7db4021000-7f7db8000000 ---p 00000000 00:00 0 
7f7dbc000000-7f7dbc021000 rw-p 00000000 00:00 0 
7f7dbc021000-7f7dc0000000 ---p 00000000 00:00 0 
7f7dc0000000-7f7dc0021000 rw-p 00000000 00:00 0 
7f7dc0021000-7f7dc4000000 ---p 00000000 00:00 0 
7f7dc4000000-7f7dc4021000 rw-p 00000000 00:00 0 
7f7dc4021000-7f7dc8000000 ---p 00000000 00:00 0 
7f7dc8000000-7f7dc8021000 rw-p 00000000 00:00 0 
7f7dc8021000-7f7dcc000000 ---p 00000000 00:00 0 
7f7dcc000000-7f7dcc021000 rw-p 00000000 00:00 0 
7f7dcc021000-7f7dd0000000 ---p 00000000 00:00 0 
7f7dd0035000-7f7dd02a1000 rw-p 00000000 00:00 0 
7f7dd02a1000-7f7dd0378000 r--s 013fe000 07:00 29089                      /home/pyro-lappy/android-sdks/platforms/android-19/android.jar
7f7dd0378000-7f7dd07f8000 rw-p 00000000 00:00 0 
7f7dd07f8000-7f7dd07f9000 ---p 00000000 00:00 0 
7f7dd07f9000-7f7dd08f9000 rw-p 00000000 00:00 0                          [stack:8293]
7f7dd08f9000-7f7dd08fa000 ---p 00000000 00:00 0 
7f7dd08fa000-7f7dd09fa000 rw-p 00000000 00:00 0                          [stack:8292]
7f7dd09fa000-7f7dd09fb000 ---p 00000000 00:00 0 
7f7dd09fb000-7f7dd0afb000 rw-p 00000000 00:00 0                          [stack:8291]
7f7dd0afb000-7f7dd0afc000 ---p 00000000 00:00 0 
7f7dd0afc000-7f7dd0bfc000 rw-p 00000000 00:00 0                          [stack:8290]
7f7dd0bfc000-7f7dd0bfd000 ---p 00000000 00:00 0 
7f7dd0bfd000-7f7dd0cfd000 rw-p 00000000 00:00 0                          [stack:8289]
7f7dd0cfd000-7f7dd0cfe000 ---p 00000000 00:00 0 
7f7dd0cfe000-7f7dd0dfe000 rw-p 00000000 00:00 0                          [stack:8288]
7f7dd0dfe000-7f7dd0dff000 ---p 00000000 00:00 0 
7f7dd0dff000-7f7dd0eff000 rw-p 00000000 00:00 0                          [stack:8287]
7f7dd0eff000-7f7dd0f00000 ---p 00000000 00:00 0 
7f7dd0f00000-7f7dd1000000 rw-p 00000000 00:00 0                          [stack:8286]
7f7dd1000000-7f7dd1270000 rwxp 00000000 00:00 0 
7f7dd1270000-7f7dd405c000 rw-p 00000000 00:00 0 
7f7dd405c000-7f7dd8000000 ---p 00000000 00:00 0 
7f7dd8024000-7f7dd80db000 rw-p 00000000 00:00 0 
7f7dd80db000-7f7dd80f9000 rw-p 00000000 00:00 0 
7f7dd80f9000-7f7dd8123000 rw-p 00000000 00:00 0 
7f7dd8123000-7f7dd838f000 rw-p 00000000 00:00 0 
7f7dd838f000-7f7dd839a000 rw-p 00000000 00:00 0 
7f7dd839a000-7f7dd83b8000 rw-p 00000000 00:00 0 
7f7dd83b8000-7f7dd83e2000 rw-p 00000000 00:00 0 
7f7dd83e2000-7f7dd864e000 rw-p 00000000 00:00 0 
7f7dd864e000-7f7dd8663000 rw-p 00000000 00:00 0 
7f7dd8663000-7f7dd8799000 rw-p 00000000 00:00 0 
7f7dd8799000-7f7dd879a000 rw-p 00000000 00:00 0 
7f7dd879a000-7f7dd87b4000 r-xp 00000000 07:00 324857                     /usr/lib/jvm/java-7-oracle/jre/lib/amd64/libzip.so
7f7dd87b4000-7f7dd89b4000 ---p 0001a000 07:00 324857                     /usr/lib/jvm/java-7-oracle/jre/lib/amd64/libzip.so
7f7dd89b4000-7f7dd89b5000 rw-p 0001a000 07:00 324857                     /usr/lib/jvm/java-7-oracle/jre/lib/amd64/libzip.so
7f7dd89b5000-7f7dd89c1000 r-xp 00000000 07:00 915461                     /lib/x86_64-linux-gnu/libnss_files-2.15.so
7f7dd89c1000-7f7dd8bc0000 ---p 0000c000 07:00 915461                     /lib/x86_64-linux-gnu/libnss_files-2.15.so
7f7dd8bc0000-7f7dd8bc1000 r--p 0000b000 07:00 915461                     /lib/x86_64-linux-gnu/libnss_files-2.15.so
7f7dd8bc1000-7f7dd8bc2000 rw-p 0000c000 07:00 915461                     /lib/x86_64-linux-gnu/libnss_files-2.15.so
7f7dd8bc2000-7f7dd8bcc000 r-xp 00000000 07:00 915465                     /lib/x86_64-linux-gnu/libnss_nis-2.15.so
7f7dd8bcc000-7f7dd8dcc000 ---p 0000a000 07:00 915465                     /lib/x86_64-linux-gnu/libnss_nis-2.15.so
7f7dd8dcc000-7f7dd8dcd000 r--p 0000a000 07:00 915465                     /lib/x86_64-linux-gnu/libnss_nis-2.15.so
7f7dd8dcd000-7f7dd8dce000 rw-p 0000b000 07:00 915465                     /lib/x86_64-linux-gnu/libnss_nis-2.15.so
7f7dd8dce000-7f7dd8de5000 r-xp 00000000 07:00 915477                     /lib/x86_64-linux-gnu/libnsl-2.15.so
7f7dd8de5000-7f7dd8fe4000 ---p 00017000 07:00 915477                     /lib/x86_64-linux-gnu/libnsl-2.15.so
7f7dd8fe4000-7f7dd8fe5000 r--p 00016000 07:00 915477                     /lib/x86_64-linux-gnu/libnsl-2.15.so
7f7dd8fe5000-7f7dd8fe6000 rw-p 00017000 07:00 915477                     /lib/x86_64-linux-gnu/libnsl-2.15.so
7f7dd8fe6000-7f7dd8fe8000 rw-p 00000000 00:00 0 
7f7dd8fe8000-7f7dd8ff0000 r-xp 00000000 07:00 915459                     /lib/x86_64-linux-gnu/libnss_compat-2.15.so
7f7dd8ff0000-7f7dd91ef000 ---p 00008000 07:00 915459                     /lib/x86_64-linux-gnu/libnss_compat-2.15.so
7f7dd91ef000-7f7dd91f0000 r--p 00007000 07:00 915459                     /lib/x86_64-linux-gnu/libnss_compat-2.15.so
7f7dd91f0000-7f7dd91f1000 rw-p 00008000 07:00 915459                     /lib/x86_64-linux-gnu/libnss_compat-2.15.so
7f7dd91f1000-7f7dd921a000 r-xp 00000000 07:00 324895                     /usr/lib/jvm/java-7-oracle/jre/lib/amd64/libjava.so
7f7dd921a000-7f7dd941a000 ---p 00029000 07:00 324895                     /usr/lib/jvm/java-7-oracle/jre/lib/amd64/libjava.so
7f7dd941a000-7f7dd941c000 rw-p 00029000 07:00 324895                     /usr/lib/jvm/java-7-oracle/jre/lib/amd64/libjava.so
7f7dd941c000-7f7dd9429000 r-xp 00000000 07:00 324867                     /usr/lib/jvm/java-7-oracle/jre/lib/amd64/libverify.so
7f7dd9429000-7f7dd9628000 ---p 0000d000 07:00 324867                     /usr/lib/jvm/java-7-oracle/jre/lib/amd64/libverify.so
7f7dd9628000-7f7dd962a000 rw-p 0000c000 07:00 324867                     /usr/lib/jvm/java-7-oracle/jre/lib/amd64/libverify.so
7f7dd962a000-7f7dd9631000 r-xp 00000000 07:00 915464                     /lib/x86_64-linux-gnu/librt-2.15.so
7f7dd9631000-7f7dd9830000 ---p 00007000 07:00 915464                     /lib/x86_64-linux-gnu/librt-2.15.so
7f7dd9830000-7f7dd9831000 r--p 00006000 07:00 915464                     /lib/x86_64-linux-gnu/librt-2.15.so
7f7dd9831000-7f7dd9832000 rw-p 00007000 07:00 915464                     /lib/x86_64-linux-gnu/librt-2.15.so
7f7dd9832000-7f7dd992d000 r-xp 00000000 07:00 915468                     /lib/x86_64-linux-gnu/libm-2.15.so
7f7dd992d000-7f7dd9b2c000 ---p 000fb000 07:00 915468                     /lib/x86_64-linux-gnu/libm-2.15.so
7f7dd9b2c000-7f7dd9b2d000 r--p 000fa000 07:00 915468                     /lib/x86_64-linux-gnu/libm-2.15.so
7f7dd9b2d000-7f7dd9b2e000 rw-p 000fb000 07:00 915468                     /lib/x86_64-linux-gnu/libm-2.15.so
7f7dd9b2e000-7f7dda690000 r-xp 00000000 07:00 324877                     /usr/lib/jvm/java-7-oracle/jre/lib/amd64/server/libjvm.so
7f7dda690000-7f7dda890000 ---p 00b62000 07:00 324877                     /usr/lib/jvm/java-7-oracle/jre/lib/amd64/server/libjvm.so
7f7dda890000-7f7dda953000 rw-p 00b62000 07:00 324877                     /usr/lib/jvm/java-7-oracle/jre/lib/amd64/server/libjvm.so
7f7dda953000-7f7dda994000 rw-p 00000000 00:00 0 
7f7dda994000-7f7ddab49000 r-xp 00000000 07:00 903172                     /lib/x86_64-linux-gnu/libc-2.15.so
7f7ddab49000-7f7ddad49000 ---p 001b5000 07:00 903172                     /lib/x86_64-linux-gnu/libc-2.15.so
7f7ddad49000-7f7ddad4d000 r--p 001b5000 07:00 903172                     /lib/x86_64-linux-gnu/libc-2.15.so
7f7ddad4d000-7f7ddad4f000 rw-p 001b9000 07:00 903172                     /lib/x86_64-linux-gnu/libc-2.15.so
7f7ddad4f000-7f7ddad54000 rw-p 00000000 00:00 0 
7f7ddad54000-7f7ddad56000 r-xp 00000000 07:00 915472                     /lib/x86_64-linux-gnu/libdl-2.15.so
7f7ddad56000-7f7ddaf56000 ---p 00002000 07:00 915472                     /lib/x86_64-linux-gnu/libdl-2.15.so
7f7ddaf56000-7f7ddaf57000 r--p 00002000 07:00 915472                     /lib/x86_64-linux-gnu/libdl-2.15.so
7f7ddaf57000-7f7ddaf58000 rw-p 00003000 07:00 915472                     /lib/x86_64-linux-gnu/libdl-2.15.so
7f7ddaf58000-7f7ddaf6e000 r-xp 00000000 07:00 442518                     /usr/lib/jvm/java-7-oracle/lib/amd64/jli/libjli.so
7f7ddaf6e000-7f7ddb16e000 ---p 00016000 07:00 442518                     /usr/lib/jvm/java-7-oracle/lib/amd64/jli/libjli.so
7f7ddb16e000-7f7ddb16f000 rw-p 00016000 07:00 442518                     /usr/lib/jvm/java-7-oracle/lib/amd64/jli/libjli.so
7f7ddb16f000-7f7ddb187000 r-xp 00000000 07:00 915466                     /lib/x86_64-linux-gnu/libpthread-2.15.so
7f7ddb187000-7f7ddb386000 ---p 00018000 07:00 915466                     /lib/x86_64-linux-gnu/libpthread-2.15.so
7f7ddb386000-7f7ddb387000 r--p 00017000 07:00 915466                     /lib/x86_64-linux-gnu/libpthread-2.15.so
7f7ddb387000-7f7ddb388000 rw-p 00018000 07:00 915466                     /lib/x86_64-linux-gnu/libpthread-2.15.so
7f7ddb388000-7f7ddb38c000 rw-p 00000000 00:00 0 
7f7ddb38c000-7f7ddb3ae000 r-xp 00000000 07:00 915469                     /lib/x86_64-linux-gnu/ld-2.15.so
7f7ddb3d2000-7f7ddb3dc000 rw-p 00000000 00:00 0 
7f7ddb3dc000-7f7ddb492000 rw-p 00000000 00:00 0 
7f7ddb492000-7f7ddb495000 ---p 00000000 00:00 0 
7f7ddb495000-7f7ddb597000 rw-p 00000000 00:00 0                          [stack:8285]
7f7ddb5a0000-7f7ddb5a2000 rw-p 00000000 00:00 0 
7f7ddb5a2000-7f7ddb5aa000 rw-s 00000000 07:00 578635                     /tmp/hsperfdata_pyro-lappy/8280
7f7ddb5aa000-7f7ddb5ab000 rw-p 00000000 00:00 0 
7f7ddb5ab000-7f7ddb5ac000 r--p 00000000 00:00 0 
7f7ddb5ac000-7f7ddb5ae000 rw-p 00000000 00:00 0 
7f7ddb5ae000-7f7ddb5af000 r--p 00022000 07:00 915469                     /lib/x86_64-linux-gnu/ld-2.15.so
7f7ddb5af000-7f7ddb5b1000 rw-p 00023000 07:00 915469                     /lib/x86_64-linux-gnu/ld-2.15.so
7fff3cd44000-7fff3cd65000 rw-p 00000000 00:00 0                          [stack]
7fff3cdc0000-7fff3cdc2000 r-xp 00000000 00:00 0                          [vdso]
ffffffffff600000-ffffffffff601000 r-xp 00000000 00:00 0                  [vsyscall]

VM Arguments:
jvm_args: -Dfile.encoding=UTF-8 -Xbootclasspath:/home/pyro-lappy/android-sdks/platforms/android-19/android.jar 
java_command: uk.ac.aber.group14.Main
Launcher Type: SUN_STANDARD

Environment Variables:
PATH=/usr/lib/lightdm/lightdm:/usr/local/sbin:/usr/local/bin:/usr/sbin:/usr/bin:/sbin:/bin:/usr/games
SHELL=/bin/bash
DISPLAY=:0.0

Signal Handlers:
SIGSEGV: [libjvm.so+0x993870], sa_mask[0]=0x7ffbfeff, sa_flags=0x10000004
SIGBUS: [libjvm.so+0x993870], sa_mask[0]=0x7ffbfeff, sa_flags=0x10000004
SIGFPE: [libjvm.so+0x8105b0], sa_mask[0]=0x7ffbfeff, sa_flags=0x10000004
SIGPIPE: [libjvm.so+0x8105b0], sa_mask[0]=0x7ffbfeff, sa_flags=0x10000004
SIGXFSZ: [libjvm.so+0x8105b0], sa_mask[0]=0x7ffbfeff, sa_flags=0x10000004
SIGILL: [libjvm.so+0x8105b0], sa_mask[0]=0x7ffbfeff, sa_flags=0x10000004
SIGUSR1: SIG_DFL, sa_mask[0]=0x00000000, sa_flags=0x00000000
SIGUSR2: [libjvm.so+0x811aa0], sa_mask[0]=0x00000004, sa_flags=0x10000004
SIGHUP: SIG_DFL, sa_mask[0]=0x00000000, sa_flags=0x00000000
SIGINT: SIG_DFL, sa_mask[0]=0x00000000, sa_flags=0x00000000
SIGTERM: SIG_DFL, sa_mask[0]=0x00000000, sa_flags=0x00000000
SIGQUIT: SIG_DFL, sa_mask[0]=0x00000000, sa_flags=0x00000000


---------------  S Y S T E M  ---------------

OS:wheezy/sid

uname:Linux 3.8.0-29-generic #42~precise1-Ubuntu SMP Wed Aug 14 16:19:23 UTC 2013 x86_64
libc:glibc 2.15 NPTL 2.15 
rlimit: STACK 8192k, CORE 0k, NPROC 63343, NOFILE 4096, AS infinity
load average:0.55 0.72 0.91

/proc/meminfo:
MemTotal:        8126888 kB
MemFree:          272376 kB
Buffers:         2068288 kB
Cached:          3035536 kB
SwapCached:            4 kB
Active:          3819360 kB
Inactive:        3490776 kB
Active(anon):    1365248 kB
Inactive(anon):   861564 kB
Active(file):    2454112 kB
Inactive(file):  2629212 kB
Unevictable:        2680 kB
Mlocked:               0 kB
SwapTotal:        262140 kB
SwapFree:         257304 kB
Dirty:              2148 kB
Writeback:             0 kB
AnonPages:       2209620 kB
Mapped:           263672 kB
Shmem:             17772 kB
Slab:             343784 kB
SReclaimable:     300916 kB
SUnreclaim:        42868 kB
KernelStack:        4512 kB
PageTables:        38296 kB
NFS_Unstable:          0 kB
Bounce:                0 kB
WritebackTmp:          0 kB
CommitLimit:     4325584 kB
Committed_AS:    5009824 kB
VmallocTotal:   34359738367 kB
VmallocUsed:      130664 kB
VmallocChunk:   34359601144 kB
HardwareCorrupted:     0 kB
AnonHugePages:         0 kB
HugePages_Total:       0
HugePages_Free:        0
HugePages_Rsvd:        0
HugePages_Surp:        0
Hugepagesize:       2048 kB
DirectMap4k:     2187264 kB
DirectMap2M:     6176768 kB


CPU:total 8 (4 cores per cpu, 2 threads per core) family 6 model 58 stepping 9, cmov, cx8, fxsr, mmx, sse, sse2, sse3, ssse3, sse4.1, sse4.2, popcnt, avx, aes, erms, ht, tsc, tscinvbit, tscinv

/proc/cpuinfo:
processor	: 0
vendor_id	: GenuineIntel
cpu family	: 6
model		: 58
model name	: Intel(R) Core(TM) i7-3630QM CPU @ 2.40GHz
stepping	: 9
microcode	: 0x15
cpu MHz		: 1200.000
cache size	: 6144 KB
physical id	: 0
siblings	: 8
core id		: 0
cpu cores	: 4
apicid		: 0
initial apicid	: 0
fpu		: yes
fpu_exception	: yes
cpuid level	: 13
wp		: yes
flags		: fpu vme de pse tsc msr pae mce cx8 apic sep mtrr pge mca cmov pat pse36 clflush dts acpi mmx fxsr sse sse2 ss ht tm pbe syscall nx rdtscp lm constant_tsc arch_perfmon pebs bts rep_good nopl xtopology nonstop_tsc aperfmperf eagerfpu pni pclmulqdq dtes64 monitor ds_cpl vmx est tm2 ssse3 cx16 xtpr pdcm pcid sse4_1 sse4_2 x2apic popcnt tsc_deadline_timer aes xsave avx f16c rdrand lahf_lm ida arat epb xsaveopt pln pts dtherm tpr_shadow vnmi flexpriority ept vpid fsgsbase smep erms
bogomips	: 4789.13
clflush size	: 64
cache_alignment	: 64
address sizes	: 36 bits physical, 48 bits virtual
power management:

processor	: 1
vendor_id	: GenuineIntel
cpu family	: 6
model		: 58
model name	: Intel(R) Core(TM) i7-3630QM CPU @ 2.40GHz
stepping	: 9
microcode	: 0x15
cpu MHz		: 1200.000
cache size	: 6144 KB
physical id	: 0
siblings	: 8
core id		: 0
cpu cores	: 4
apicid		: 1
initial apicid	: 1
fpu		: yes
fpu_exception	: yes
cpuid level	: 13
wp		: yes
flags		: fpu vme de pse tsc msr pae mce cx8 apic sep mtrr pge mca cmov pat pse36 clflush dts acpi mmx fxsr sse sse2 ss ht tm pbe syscall nx rdtscp lm constant_tsc arch_perfmon pebs bts rep_good nopl xtopology nonstop_tsc aperfmperf eagerfpu pni pclmulqdq dtes64 monitor ds_cpl vmx est tm2 ssse3 cx16 xtpr pdcm pcid sse4_1 sse4_2 x2apic popcnt tsc_deadline_timer aes xsave avx f16c rdrand lahf_lm ida arat epb xsaveopt pln pts dtherm tpr_shadow vnmi flexpriority ept vpid fsgsbase smep erms
bogomips	: 4789.13
clflush size	: 64
cache_alignment	: 64
address sizes	: 36 bits physical, 48 bits virtual
power management:

processor	: 2
vendor_id	: GenuineIntel
cpu family	: 6
model		: 58
model name	: Intel(R) Core(TM) i7-3630QM CPU @ 2.40GHz
stepping	: 9
microcode	: 0x15
cpu MHz		: 1200.000
cache size	: 6144 KB
physical id	: 0
siblings	: 8
core id		: 1
cpu cores	: 4
apicid		: 2
initial apicid	: 2
fpu		: yes
fpu_exception	: yes
cpuid level	: 13
wp		: yes
flags		: fpu vme de pse tsc msr pae mce cx8 apic sep mtrr pge mca cmov pat pse36 clflush dts acpi mmx fxsr sse sse2 ss ht tm pbe syscall nx rdtscp lm constant_tsc arch_perfmon pebs bts rep_good nopl xtopology nonstop_tsc aperfmperf eagerfpu pni pclmulqdq dtes64 monitor ds_cpl vmx est tm2 ssse3 cx16 xtpr pdcm pcid sse4_1 sse4_2 x2apic popcnt tsc_deadline_timer aes xsave avx f16c rdrand lahf_lm ida arat epb xsaveopt pln pts dtherm tpr_shadow vnmi flexpriority ept vpid fsgsbase smep erms
bogomips	: 4789.13
clflush size	: 64
cache_alignment	: 64
address sizes	: 36 bits physical, 48 bits virtual
power management:

processor	: 3
vendor_id	: GenuineIntel
cpu family	: 6
model		: 58
model name	: Intel(R) Core(TM) i7-3630QM CPU @ 2.40GHz
stepping	: 9
microcode	: 0x15
cpu MHz		: 1200.000
cache size	: 6144 KB
physical id	: 0
siblings	: 8
core id		: 1
cpu cores	: 4
apicid		: 3
initial apicid	: 3
fpu		: yes
fpu_exception	: yes
cpuid level	: 13
wp		: yes
flags		: fpu vme de pse tsc msr pae mce cx8 apic sep mtrr pge mca cmov pat pse36 clflush dts acpi mmx fxsr sse sse2 ss ht tm pbe syscall nx rdtscp lm constant_tsc arch_perfmon pebs bts rep_good nopl xtopology nonstop_tsc aperfmperf eagerfpu pni pclmulqdq dtes64 monitor ds_cpl vmx est tm2 ssse3 cx16 xtpr pdcm pcid sse4_1 sse4_2 x2apic popcnt tsc_deadline_timer aes xsave avx f16c rdrand lahf_lm ida arat epb xsaveopt pln pts dtherm tpr_shadow vnmi flexpriority ept vpid fsgsbase smep erms
bogomips	: 4789.13
clflush size	: 64
cache_alignment	: 64
address sizes	: 36 bits physical, 48 bits virtual
power management:

processor	: 4
vendor_id	: GenuineIntel
cpu family	: 6
model		: 58
model name	: Intel(R) Core(TM) i7-3630QM CPU @ 2.40GHz
stepping	: 9
microcode	: 0x15
cpu MHz		: 2401.000
cache size	: 6144 KB
physical id	: 0
siblings	: 8
core id		: 2
cpu cores	: 4
apicid		: 4
initial apicid	: 4
fpu		: yes
fpu_exception	: yes
cpuid level	: 13
wp		: yes
flags		: fpu vme de pse tsc msr pae mce cx8 apic sep mtrr pge mca cmov pat pse36 clflush dts acpi mmx fxsr sse sse2 ss ht tm pbe syscall nx rdtscp lm constant_tsc arch_perfmon pebs bts rep_good nopl xtopology nonstop_tsc aperfmperf eagerfpu pni pclmulqdq dtes64 monitor ds_cpl vmx est tm2 ssse3 cx16 xtpr pdcm pcid sse4_1 sse4_2 x2apic popcnt tsc_deadline_timer aes xsave avx f16c rdrand lahf_lm ida arat epb xsaveopt pln pts dtherm tpr_shadow vnmi flexpriority ept vpid fsgsbase smep erms
bogomips	: 4789.13
clflush size	: 64
cache_alignment	: 64
address sizes	: 36 bits physical, 48 bits virtual
power management:

processor	: 5
vendor_id	: GenuineIntel
cpu family	: 6
model		: 58
model name	: Intel(R) Core(TM) i7-3630QM CPU @ 2.40GHz
stepping	: 9
microcode	: 0x15
cpu MHz		: 1200.000
cache size	: 6144 KB
physical id	: 0
siblings	: 8
core id		: 2
cpu cores	: 4
apicid		: 5
initial apicid	: 5
fpu		: yes
fpu_exception	: yes
cpuid level	: 13
wp		: yes
flags		: fpu vme de pse tsc msr pae mce cx8 apic sep mtrr pge mca cmov pat pse36 clflush dts acpi mmx fxsr sse sse2 ss ht tm pbe syscall nx rdtscp lm constant_tsc arch_perfmon pebs bts rep_good nopl xtopology nonstop_tsc aperfmperf eagerfpu pni pclmulqdq dtes64 monitor ds_cpl vmx est tm2 ssse3 cx16 xtpr pdcm pcid sse4_1 sse4_2 x2apic popcnt tsc_deadline_timer aes xsave avx f16c rdrand lahf_lm ida arat epb xsaveopt pln pts dtherm tpr_shadow vnmi flexpriority ept vpid fsgsbase smep erms
bogomips	: 4789.13
clflush size	: 64
cache_alignment	: 64
address sizes	: 36 bits physical, 48 bits virtual
power management:

processor	: 6
vendor_id	: GenuineIntel
cpu family	: 6
model		: 58
model name	: Intel(R) Core(TM) i7-3630QM CPU @ 2.40GHz
stepping	: 9
microcode	: 0x15
cpu MHz		: 1200.000
cache size	: 6144 KB
physical id	: 0
siblings	: 8
core id		: 3
cpu cores	: 4
apicid		: 6
initial apicid	: 6
fpu		: yes
fpu_exception	: yes
cpuid level	: 13
wp		: yes
flags		: fpu vme de pse tsc msr pae mce cx8 apic sep mtrr pge mca cmov pat pse36 clflush dts acpi mmx fxsr sse sse2 ss ht tm pbe syscall nx rdtscp lm constant_tsc arch_perfmon pebs bts rep_good nopl xtopology nonstop_tsc aperfmperf eagerfpu pni pclmulqdq dtes64 monitor ds_cpl vmx est tm2 ssse3 cx16 xtpr pdcm pcid sse4_1 sse4_2 x2apic popcnt tsc_deadline_timer aes xsave avx f16c rdrand lahf_lm ida arat epb xsaveopt pln pts dtherm tpr_shadow vnmi flexpriority ept vpid fsgsbase smep erms
bogomips	: 4789.13
clflush size	: 64
cache_alignment	: 64
address sizes	: 36 bits physical, 48 bits virtual
power management:

processor	: 7
vendor_id	: GenuineIntel
cpu family	: 6
model		: 58
model name	: Intel(R) Core(TM) i7-3630QM CPU @ 2.40GHz
stepping	: 9
microcode	: 0x15
cpu MHz		: 1200.000
cache size	: 6144 KB
physical id	: 0
siblings	: 8
core id		: 3
cpu cores	: 4
apicid		: 7
initial apicid	: 7
fpu		: yes
fpu_exception	: yes
cpuid level	: 13
wp		: yes
flags		: fpu vme de pse tsc msr pae mce cx8 apic sep mtrr pge mca cmov pat pse36 clflush dts acpi mmx fxsr sse sse2 ss ht tm pbe syscall nx rdtscp lm constant_tsc arch_perfmon pebs bts rep_good nopl xtopology nonstop_tsc aperfmperf eagerfpu pni pclmulqdq dtes64 monitor ds_cpl vmx est tm2 ssse3 cx16 xtpr pdcm pcid sse4_1 sse4_2 x2apic popcnt tsc_deadline_timer aes xsave avx f16c rdrand lahf_lm ida arat epb xsaveopt pln pts dtherm tpr_shadow vnmi flexpriority ept vpid fsgsbase smep erms
bogomips	: 4789.13
clflush size	: 64
cache_alignment	: 64
address sizes	: 36 bits physical, 48 bits virtual
power management:



Memory: 4k page, physical 8126888k(272376k free), swap 262140k(257304k free)

vm_info: Java HotSpot(TM) 64-Bit Server VM (24.51-b03) for linux-amd64 JRE (1.7.0_51-b13), built on Dec 18 2013 18:48:01 by "java_re" with gcc 4.3.0 20080428 (Red Hat 4.3.0-8)

time: Mon Jan 27 11:03:43 2014
elapsed time: 0 seconds

