#
# A fatal error has been detected by the Java Runtime Environment:
#
#  Internal Error (javaClasses.cpp:136), pid=8519, tid=139918257575680
#  fatal error: Invalid layout of preloaded class
#
# JRE version:  (7.0_51-b13) (build )
# Java VM: Java HotSpot(TM) 64-Bit Server VM (24.51-b03 mixed mode linux-amd64 compressed oops)
# Failed to write core dump. Core dumps have been disabled. To enable core dumping, try "ulimit -c unlimited" before starting Java again
#
# If you would like to submit a bug report, please visit:
#   http://bugreport.sun.com/bugreport/crash.jsp
#

---------------  T H R E A D  ---------------

Current thread (0x00007f413c009800):  JavaThread "Unknown thread" [_thread_in_vm, id=8524, stack(0x00007f4141fa5000,0x00007f41420a6000)]

Stack: [0x00007f4141fa5000,0x00007f41420a6000],  sp=0x00007f41420a47c0,  free space=1021k
Native frames: (J=compiled Java code, j=interpreted, Vv=VM code, C=native code)
V  [libjvm.so+0x992f4a]  VMError::report_and_die()+0x2ea
V  [libjvm.so+0x493569]  report_fatal(char const*, int, char const*)+0x59
V  [libjvm.so+0x5fdce0]  compute_offset(int&, klassOopDesc*, Symbol*, Symbol*, bool)+0x140
V  [libjvm.so+0x5fe7f9]  java_lang_String::compute_offsets()+0x39
V  [libjvm.so+0x9191c5]  SystemDictionary::initialize_preloaded_classes(Thread*)+0x1a5
V  [libjvm.so+0x967f04]  Universe::genesis(Thread*)+0x494
V  [libjvm.so+0x9683b9]  universe2_init()+0x29
V  [libjvm.so+0x5a967d]  init_globals()+0xbd
V  [libjvm.so+0x94ef8d]  Threads::create_vm(JavaVMInitArgs*, bool*)+0x1ed
V  [libjvm.so+0x6307e4]  JNI_CreateJavaVM+0x74
C  [libjli.so+0x2f8e]  JavaMain+0x9e


---------------  P R O C E S S  ---------------

Java Threads: ( => current thread )

Other Threads:

=>0x00007f413c009800 (exited) JavaThread "Unknown thread" [_thread_in_vm, id=8524, stack(0x00007f4141fa5000,0x00007f41420a6000)]

VM state:not at safepoint (not fully initialized)

VM Mutex/Monitor currently owned by a thread: None

GC Heap History (0 events):
No events

Deoptimization events (0 events):
No events

Internal exceptions (0 events):
No events

Events (10 events):
Event: 0.013 loading class 0x00007f4136f126f0 done
Event: 0.014 loading class 0x00007f4136f12110 done
Event: 0.014 loading class 0x00007f4136f120f0
Event: 0.014 loading class 0x00007f4136f1a1f0
Event: 0.014 loading class 0x00007f4136f1a1f0 done
Event: 0.014 loading class 0x00007f4136f1a220
Event: 0.014 loading class 0x00007f4136f1a220 done
Event: 0.014 loading class 0x00007f4136f1a250
Event: 0.014 loading class 0x00007f4136f1a250 done
Event: 0.014 loading class 0x00007f4136f120f0 done


Dynamic libraries:
00400000-00401000 r-xp 00000000 07:00 446726                             /usr/lib/jvm/java-7-oracle/bin/java
00600000-00601000 rw-p 00000000 07:00 446726                             /usr/lib/jvm/java-7-oracle/bin/java
009ff000-00a20000 rw-p 00000000 00:00 0                                  [heap]
77ec00000-780100000 rw-p 00000000 00:00 0 
780100000-783e00000 rw-p 00000000 00:00 0 
783e00000-789080000 rw-p 00000000 00:00 0 
789080000-7d6a00000 rw-p 00000000 00:00 0 
7d6a00000-7d9380000 rw-p 00000000 00:00 0 
7d9380000-800000000 rw-p 00000000 00:00 0 
7f410ff60000-7f4114000000 rw-p 00000000 00:00 0 
7f4114000000-7f4114021000 rw-p 00000000 00:00 0 
7f4114021000-7f4118000000 ---p 00000000 00:00 0 
7f4118000000-7f4118021000 rw-p 00000000 00:00 0 
7f4118021000-7f411c000000 ---p 00000000 00:00 0 
7f411c000000-7f411c021000 rw-p 00000000 00:00 0 
7f411c021000-7f4120000000 ---p 00000000 00:00 0 
7f4120000000-7f4120021000 rw-p 00000000 00:00 0 
7f4120021000-7f4124000000 ---p 00000000 00:00 0 
7f4124000000-7f4124021000 rw-p 00000000 00:00 0 
7f4124021000-7f4128000000 ---p 00000000 00:00 0 
7f4128000000-7f4128021000 rw-p 00000000 00:00 0 
7f4128021000-7f412c000000 ---p 00000000 00:00 0 
7f412c000000-7f412c021000 rw-p 00000000 00:00 0 
7f412c021000-7f4130000000 ---p 00000000 00:00 0 
7f4130000000-7f4130021000 rw-p 00000000 00:00 0 
7f4130021000-7f4134000000 ---p 00000000 00:00 0 
7f4136b59000-7f4136dc5000 rw-p 00000000 00:00 0 
7f4136dc5000-7f4136e9c000 r--s 013fe000 07:00 29089                      /home/pyro-lappy/android-sdks/platforms/android-19/android.jar
7f4136e9c000-7f41373c8000 rw-p 00000000 00:00 0 
7f41373c8000-7f41373c9000 ---p 00000000 00:00 0 
7f41373c9000-7f41374c9000 rw-p 00000000 00:00 0                          [stack:8532]
7f41374c9000-7f41374ca000 ---p 00000000 00:00 0 
7f41374ca000-7f41375ca000 rw-p 00000000 00:00 0                          [stack:8531]
7f41375ca000-7f41375cb000 ---p 00000000 00:00 0 
7f41375cb000-7f41376cb000 rw-p 00000000 00:00 0                          [stack:8530]
7f41376cb000-7f41376cc000 ---p 00000000 00:00 0 
7f41376cc000-7f41377cc000 rw-p 00000000 00:00 0                          [stack:8529]
7f41377cc000-7f41377cd000 ---p 00000000 00:00 0 
7f41377cd000-7f41378cd000 rw-p 00000000 00:00 0                          [stack:8528]
7f41378cd000-7f41378ce000 ---p 00000000 00:00 0 
7f41378ce000-7f41379ce000 rw-p 00000000 00:00 0                          [stack:8527]
7f41379ce000-7f41379cf000 ---p 00000000 00:00 0 
7f41379cf000-7f4137af9000 rw-p 00000000 00:00 0                          [stack:8526]
7f4137af9000-7f4137d65000 rw-p 00000000 00:00 0 
7f4137d65000-7f4137d70000 rw-p 00000000 00:00 0 
7f4137d70000-7f4137d8e000 rw-p 00000000 00:00 0 
7f4137d8e000-7f4137db8000 rw-p 00000000 00:00 0 
7f4137db8000-7f4138024000 rw-p 00000000 00:00 0 
7f4138024000-7f4138039000 rw-p 00000000 00:00 0 
7f4138039000-7f413816f000 rw-p 00000000 00:00 0 
7f413816f000-7f4138170000 rw-p 00000000 00:00 0 
7f4138170000-7f41383e0000 rwxp 00000000 00:00 0 
7f41383e0000-7f413b170000 rw-p 00000000 00:00 0 
7f413b170000-7f413b18a000 r-xp 00000000 07:00 324857                     /usr/lib/jvm/java-7-oracle/jre/lib/amd64/libzip.so
7f413b18a000-7f413b38a000 ---p 0001a000 07:00 324857                     /usr/lib/jvm/java-7-oracle/jre/lib/amd64/libzip.so
7f413b38a000-7f413b38b000 rw-p 0001a000 07:00 324857                     /usr/lib/jvm/java-7-oracle/jre/lib/amd64/libzip.so
7f413b38b000-7f413b397000 r-xp 00000000 07:00 915461                     /lib/x86_64-linux-gnu/libnss_files-2.15.so
7f413b397000-7f413b596000 ---p 0000c000 07:00 915461                     /lib/x86_64-linux-gnu/libnss_files-2.15.so
7f413b596000-7f413b597000 r--p 0000b000 07:00 915461                     /lib/x86_64-linux-gnu/libnss_files-2.15.so
7f413b597000-7f413b598000 rw-p 0000c000 07:00 915461                     /lib/x86_64-linux-gnu/libnss_files-2.15.so
7f413b598000-7f413b5a2000 r-xp 00000000 07:00 915465                     /lib/x86_64-linux-gnu/libnss_nis-2.15.so
7f413b5a2000-7f413b7a2000 ---p 0000a000 07:00 915465                     /lib/x86_64-linux-gnu/libnss_nis-2.15.so
7f413b7a2000-7f413b7a3000 r--p 0000a000 07:00 915465                     /lib/x86_64-linux-gnu/libnss_nis-2.15.so
7f413b7a3000-7f413b7a4000 rw-p 0000b000 07:00 915465                     /lib/x86_64-linux-gnu/libnss_nis-2.15.so
7f413b7a4000-7f413b7bb000 r-xp 00000000 07:00 915477                     /lib/x86_64-linux-gnu/libnsl-2.15.so
7f413b7bb000-7f413b9ba000 ---p 00017000 07:00 915477                     /lib/x86_64-linux-gnu/libnsl-2.15.so
7f413b9ba000-7f413b9bb000 r--p 00016000 07:00 915477                     /lib/x86_64-linux-gnu/libnsl-2.15.so
7f413b9bb000-7f413b9bc000 rw-p 00017000 07:00 915477                     /lib/x86_64-linux-gnu/libnsl-2.15.so
7f413b9bc000-7f413b9be000 rw-p 00000000 00:00 0 
7f413b9be000-7f413b9c6000 r-xp 00000000 07:00 915459                     /lib/x86_64-linux-gnu/libnss_compat-2.15.so
7f413b9c6000-7f413bbc5000 ---p 00008000 07:00 915459                     /lib/x86_64-linux-gnu/libnss_compat-2.15.so
7f413bbc5000-7f413bbc6000 r--p 00007000 07:00 915459                     /lib/x86_64-linux-gnu/libnss_compat-2.15.so
7f413bbc6000-7f413bbc7000 rw-p 00008000 07:00 915459                     /lib/x86_64-linux-gnu/libnss_compat-2.15.so
7f413bbc7000-7f413bbf0000 r-xp 00000000 07:00 324895                     /usr/lib/jvm/java-7-oracle/jre/lib/amd64/libjava.so
7f413bbf0000-7f413bdf0000 ---p 00029000 07:00 324895                     /usr/lib/jvm/java-7-oracle/jre/lib/amd64/libjava.so
7f413bdf0000-7f413bdf2000 rw-p 00029000 07:00 324895                     /usr/lib/jvm/java-7-oracle/jre/lib/amd64/libjava.so
7f413bdf2000-7f413bdff000 r-xp 00000000 07:00 324867                     /usr/lib/jvm/java-7-oracle/jre/lib/amd64/libverify.so
7f413bdff000-7f413bffe000 ---p 0000d000 07:00 324867                     /usr/lib/jvm/java-7-oracle/jre/lib/amd64/libverify.so
7f413bffe000-7f413c000000 rw-p 0000c000 07:00 324867                     /usr/lib/jvm/java-7-oracle/jre/lib/amd64/libverify.so
7f413c000000-7f413c05c000 rw-p 00000000 00:00 0 
7f413c05c000-7f4140000000 ---p 00000000 00:00 0 
7f4140013000-7f4140014000 ---p 00000000 00:00 0 
7f4140014000-7f414011f000 rw-p 00000000 00:00 0                          [stack:8525]
7f414011f000-7f414013d000 rw-p 00000000 00:00 0 
7f414013d000-7f4140144000 r-xp 00000000 07:00 915464                     /lib/x86_64-linux-gnu/librt-2.15.so
7f4140144000-7f4140343000 ---p 00007000 07:00 915464                     /lib/x86_64-linux-gnu/librt-2.15.so
7f4140343000-7f4140344000 r--p 00006000 07:00 915464                     /lib/x86_64-linux-gnu/librt-2.15.so
7f4140344000-7f4140345000 rw-p 00007000 07:00 915464                     /lib/x86_64-linux-gnu/librt-2.15.so
7f4140345000-7f4140440000 r-xp 00000000 07:00 915468                     /lib/x86_64-linux-gnu/libm-2.15.so
7f4140440000-7f414063f000 ---p 000fb000 07:00 915468                     /lib/x86_64-linux-gnu/libm-2.15.so
7f414063f000-7f4140640000 r--p 000fa000 07:00 915468                     /lib/x86_64-linux-gnu/libm-2.15.so
7f4140640000-7f4140641000 rw-p 000fb000 07:00 915468                     /lib/x86_64-linux-gnu/libm-2.15.so
7f4140641000-7f41411a3000 r-xp 00000000 07:00 324877                     /usr/lib/jvm/java-7-oracle/jre/lib/amd64/server/libjvm.so
7f41411a3000-7f41413a3000 ---p 00b62000 07:00 324877                     /usr/lib/jvm/java-7-oracle/jre/lib/amd64/server/libjvm.so
7f41413a3000-7f4141466000 rw-p 00b62000 07:00 324877                     /usr/lib/jvm/java-7-oracle/jre/lib/amd64/server/libjvm.so
7f4141466000-7f41414a7000 rw-p 00000000 00:00 0 
7f41414a7000-7f414165c000 r-xp 00000000 07:00 903172                     /lib/x86_64-linux-gnu/libc-2.15.so
7f414165c000-7f414185c000 ---p 001b5000 07:00 903172                     /lib/x86_64-linux-gnu/libc-2.15.so
7f414185c000-7f4141860000 r--p 001b5000 07:00 903172                     /lib/x86_64-linux-gnu/libc-2.15.so
7f4141860000-7f4141862000 rw-p 001b9000 07:00 903172                     /lib/x86_64-linux-gnu/libc-2.15.so
7f4141862000-7f4141867000 rw-p 00000000 00:00 0 
7f4141867000-7f4141869000 r-xp 00000000 07:00 915472                     /lib/x86_64-linux-gnu/libdl-2.15.so
7f4141869000-7f4141a69000 ---p 00002000 07:00 915472                     /lib/x86_64-linux-gnu/libdl-2.15.so
7f4141a69000-7f4141a6a000 r--p 00002000 07:00 915472                     /lib/x86_64-linux-gnu/libdl-2.15.so
7f4141a6a000-7f4141a6b000 rw-p 00003000 07:00 915472                     /lib/x86_64-linux-gnu/libdl-2.15.so
7f4141a6b000-7f4141a81000 r-xp 00000000 07:00 442518                     /usr/lib/jvm/java-7-oracle/lib/amd64/jli/libjli.so
7f4141a81000-7f4141c81000 ---p 00016000 07:00 442518                     /usr/lib/jvm/java-7-oracle/lib/amd64/jli/libjli.so
7f4141c81000-7f4141c82000 rw-p 00016000 07:00 442518                     /usr/lib/jvm/java-7-oracle/lib/amd64/jli/libjli.so
7f4141c82000-7f4141c9a000 r-xp 00000000 07:00 915466                     /lib/x86_64-linux-gnu/libpthread-2.15.so
7f4141c9a000-7f4141e99000 ---p 00018000 07:00 915466                     /lib/x86_64-linux-gnu/libpthread-2.15.so
7f4141e99000-7f4141e9a000 r--p 00017000 07:00 915466                     /lib/x86_64-linux-gnu/libpthread-2.15.so
7f4141e9a000-7f4141e9b000 rw-p 00018000 07:00 915466                     /lib/x86_64-linux-gnu/libpthread-2.15.so
7f4141e9b000-7f4141e9f000 rw-p 00000000 00:00 0 
7f4141e9f000-7f4141ec1000 r-xp 00000000 07:00 915469                     /lib/x86_64-linux-gnu/ld-2.15.so
7f4141ee5000-7f4141eef000 rw-p 00000000 00:00 0 
7f4141eef000-7f4141fa5000 rw-p 00000000 00:00 0 
7f4141fa5000-7f4141fa8000 ---p 00000000 00:00 0 
7f4141fa8000-7f41420aa000 rw-p 00000000 00:00 0                          [stack:8524]
7f41420b3000-7f41420b5000 rw-p 00000000 00:00 0 
7f41420b5000-7f41420bd000 rw-s 00000000 07:00 578635                     /tmp/hsperfdata_pyro-lappy/8519
7f41420bd000-7f41420be000 rw-p 00000000 00:00 0 
7f41420be000-7f41420bf000 r--p 00000000 00:00 0 
7f41420bf000-7f41420c1000 rw-p 00000000 00:00 0 
7f41420c1000-7f41420c2000 r--p 00022000 07:00 915469                     /lib/x86_64-linux-gnu/ld-2.15.so
7f41420c2000-7f41420c4000 rw-p 00023000 07:00 915469                     /lib/x86_64-linux-gnu/ld-2.15.so
7fffd7e7d000-7fffd7e9e000 rw-p 00000000 00:00 0                          [stack]
7fffd7f3c000-7fffd7f3e000 r-xp 00000000 00:00 0                          [vdso]
ffffffffff600000-ffffffffff601000 r-xp 00000000 00:00 0                  [vsyscall]

VM Arguments:
jvm_args: -Dfile.encoding=UTF-8 -Xbootclasspath:/home/pyro-lappy/android-sdks/platforms/android-19/android.jar 
java_command: uk.ac.aber.group14.Main
Launcher Type: SUN_STANDARD

Environment Variables:
PATH=/usr/lib/lightdm/lightdm:/usr/local/sbin:/usr/local/bin:/usr/sbin:/usr/bin:/sbin:/bin:/usr/games
SHELL=/bin/bash
DISPLAY=:0.0

Signal Handlers:
SIGSEGV: [libjvm.so+0x993870], sa_mask[0]=0x7ffbfeff, sa_flags=0x10000004
SIGBUS: [libjvm.so+0x993870], sa_mask[0]=0x7ffbfeff, sa_flags=0x10000004
SIGFPE: [libjvm.so+0x8105b0], sa_mask[0]=0x7ffbfeff, sa_flags=0x10000004
SIGPIPE: [libjvm.so+0x8105b0], sa_mask[0]=0x7ffbfeff, sa_flags=0x10000004
SIGXFSZ: [libjvm.so+0x8105b0], sa_mask[0]=0x7ffbfeff, sa_flags=0x10000004
SIGILL: [libjvm.so+0x8105b0], sa_mask[0]=0x7ffbfeff, sa_flags=0x10000004
SIGUSR1: SIG_DFL, sa_mask[0]=0x00000000, sa_flags=0x00000000
SIGUSR2: [libjvm.so+0x811aa0], sa_mask[0]=0x00000004, sa_flags=0x10000004
SIGHUP: SIG_DFL, sa_mask[0]=0x00000000, sa_flags=0x00000000
SIGINT: SIG_DFL, sa_mask[0]=0x00000000, sa_flags=0x00000000
SIGTERM: SIG_DFL, sa_mask[0]=0x00000000, sa_flags=0x00000000
SIGQUIT: SIG_DFL, sa_mask[0]=0x00000000, sa_flags=0x00000000


---------------  S Y S T E M  ---------------

OS:wheezy/sid

uname:Linux 3.8.0-29-generic #42~precise1-Ubuntu SMP Wed Aug 14 16:19:23 UTC 2013 x86_64
libc:glibc 2.15 NPTL 2.15 
rlimit: STACK 8192k, CORE 0k, NPROC 63343, NOFILE 4096, AS infinity
load average:0.68 0.74 0.91

/proc/meminfo:
MemTotal:        8126888 kB
MemFree:          149656 kB
Buffers:         2082240 kB
Cached:          3044576 kB
SwapCached:           20 kB
Active:          4014360 kB
Inactive:        3418720 kB
Active(anon):    1465912 kB
Inactive(anon):   860888 kB
Active(file):    2548448 kB
Inactive(file):  2557832 kB
Unevictable:        2680 kB
Mlocked:               0 kB
SwapTotal:        262140 kB
SwapFree:         257228 kB
Dirty:               120 kB
Writeback:             0 kB
AnonPages:       2309416 kB
Mapped:           260500 kB
Shmem:             17896 kB
Slab:             344512 kB
SReclaimable:     301360 kB
SUnreclaim:        43152 kB
KernelStack:        4544 kB
PageTables:        39220 kB
NFS_Unstable:          0 kB
Bounce:                0 kB
WritebackTmp:          0 kB
CommitLimit:     4325584 kB
Committed_AS:    5152372 kB
VmallocTotal:   34359738367 kB
VmallocUsed:      130664 kB
VmallocChunk:   34359601144 kB
HardwareCorrupted:     0 kB
AnonHugePages:         0 kB
HugePages_Total:       0
HugePages_Free:        0
HugePages_Rsvd:        0
HugePages_Surp:        0
Hugepagesize:       2048 kB
DirectMap4k:     2455552 kB
DirectMap2M:     5908480 kB


CPU:total 8 (4 cores per cpu, 2 threads per core) family 6 model 58 stepping 9, cmov, cx8, fxsr, mmx, sse, sse2, sse3, ssse3, sse4.1, sse4.2, popcnt, avx, aes, erms, ht, tsc, tscinvbit, tscinv

/proc/cpuinfo:
processor	: 0
vendor_id	: GenuineIntel
cpu family	: 6
model		: 58
model name	: Intel(R) Core(TM) i7-3630QM CPU @ 2.40GHz
stepping	: 9
microcode	: 0x15
cpu MHz		: 1200.000
cache size	: 6144 KB
physical id	: 0
siblings	: 8
core id		: 0
cpu cores	: 4
apicid		: 0
initial apicid	: 0
fpu		: yes
fpu_exception	: yes
cpuid level	: 13
wp		: yes
flags		: fpu vme de pse tsc msr pae mce cx8 apic sep mtrr pge mca cmov pat pse36 clflush dts acpi mmx fxsr sse sse2 ss ht tm pbe syscall nx rdtscp lm constant_tsc arch_perfmon pebs bts rep_good nopl xtopology nonstop_tsc aperfmperf eagerfpu pni pclmulqdq dtes64 monitor ds_cpl vmx est tm2 ssse3 cx16 xtpr pdcm pcid sse4_1 sse4_2 x2apic popcnt tsc_deadline_timer aes xsave avx f16c rdrand lahf_lm ida arat epb xsaveopt pln pts dtherm tpr_shadow vnmi flexpriority ept vpid fsgsbase smep erms
bogomips	: 4789.13
clflush size	: 64
cache_alignment	: 64
address sizes	: 36 bits physical, 48 bits virtual
power management:

processor	: 1
vendor_id	: GenuineIntel
cpu family	: 6
model		: 58
model name	: Intel(R) Core(TM) i7-3630QM CPU @ 2.40GHz
stepping	: 9
microcode	: 0x15
cpu MHz		: 1200.000
cache size	: 6144 KB
physical id	: 0
siblings	: 8
core id		: 0
cpu cores	: 4
apicid		: 1
initial apicid	: 1
fpu		: yes
fpu_exception	: yes
cpuid level	: 13
wp		: yes
flags		: fpu vme de pse tsc msr pae mce cx8 apic sep mtrr pge mca cmov pat pse36 clflush dts acpi mmx fxsr sse sse2 ss ht tm pbe syscall nx rdtscp lm constant_tsc arch_perfmon pebs bts rep_good nopl xtopology nonstop_tsc aperfmperf eagerfpu pni pclmulqdq dtes64 monitor ds_cpl vmx est tm2 ssse3 cx16 xtpr pdcm pcid sse4_1 sse4_2 x2apic popcnt tsc_deadline_timer aes xsave avx f16c rdrand lahf_lm ida arat epb xsaveopt pln pts dtherm tpr_shadow vnmi flexpriority ept vpid fsgsbase smep erms
bogomips	: 4789.13
clflush size	: 64
cache_alignment	: 64
address sizes	: 36 bits physical, 48 bits virtual
power management:

processor	: 2
vendor_id	: GenuineIntel
cpu family	: 6
model		: 58
model name	: Intel(R) Core(TM) i7-3630QM CPU @ 2.40GHz
stepping	: 9
microcode	: 0x15
cpu MHz		: 2401.000
cache size	: 6144 KB
physical id	: 0
siblings	: 8
core id		: 1
cpu cores	: 4
apicid		: 2
initial apicid	: 2
fpu		: yes
fpu_exception	: yes
cpuid level	: 13
wp		: yes
flags		: fpu vme de pse tsc msr pae mce cx8 apic sep mtrr pge mca cmov pat pse36 clflush dts acpi mmx fxsr sse sse2 ss ht tm pbe syscall nx rdtscp lm constant_tsc arch_perfmon pebs bts rep_good nopl xtopology nonstop_tsc aperfmperf eagerfpu pni pclmulqdq dtes64 monitor ds_cpl vmx est tm2 ssse3 cx16 xtpr pdcm pcid sse4_1 sse4_2 x2apic popcnt tsc_deadline_timer aes xsave avx f16c rdrand lahf_lm ida arat epb xsaveopt pln pts dtherm tpr_shadow vnmi flexpriority ept vpid fsgsbase smep erms
bogomips	: 4789.13
clflush size	: 64
cache_alignment	: 64
address sizes	: 36 bits physical, 48 bits virtual
power management:

processor	: 3
vendor_id	: GenuineIntel
cpu family	: 6
model		: 58
model name	: Intel(R) Core(TM) i7-3630QM CPU @ 2.40GHz
stepping	: 9
microcode	: 0x15
cpu MHz		: 1200.000
cache size	: 6144 KB
physical id	: 0
siblings	: 8
core id		: 1
cpu cores	: 4
apicid		: 3
initial apicid	: 3
fpu		: yes
fpu_exception	: yes
cpuid level	: 13
wp		: yes
flags		: fpu vme de pse tsc msr pae mce cx8 apic sep mtrr pge mca cmov pat pse36 clflush dts acpi mmx fxsr sse sse2 ss ht tm pbe syscall nx rdtscp lm constant_tsc arch_perfmon pebs bts rep_good nopl xtopology nonstop_tsc aperfmperf eagerfpu pni pclmulqdq dtes64 monitor ds_cpl vmx est tm2 ssse3 cx16 xtpr pdcm pcid sse4_1 sse4_2 x2apic popcnt tsc_deadline_timer aes xsave avx f16c rdrand lahf_lm ida arat epb xsaveopt pln pts dtherm tpr_shadow vnmi flexpriority ept vpid fsgsbase smep erms
bogomips	: 4789.13
clflush size	: 64
cache_alignment	: 64
address sizes	: 36 bits physical, 48 bits virtual
power management:

processor	: 4
vendor_id	: GenuineIntel
cpu family	: 6
model		: 58
model name	: Intel(R) Core(TM) i7-3630QM CPU @ 2.40GHz
stepping	: 9
microcode	: 0x15
cpu MHz		: 1200.000
cache size	: 6144 KB
physical id	: 0
siblings	: 8
core id		: 2
cpu cores	: 4
apicid		: 4
initial apicid	: 4
fpu		: yes
fpu_exception	: yes
cpuid level	: 13
wp		: yes
flags		: fpu vme de pse tsc msr pae mce cx8 apic sep mtrr pge mca cmov pat pse36 clflush dts acpi mmx fxsr sse sse2 ss ht tm pbe syscall nx rdtscp lm constant_tsc arch_perfmon pebs bts rep_good nopl xtopology nonstop_tsc aperfmperf eagerfpu pni pclmulqdq dtes64 monitor ds_cpl vmx est tm2 ssse3 cx16 xtpr pdcm pcid sse4_1 sse4_2 x2apic popcnt tsc_deadline_timer aes xsave avx f16c rdrand lahf_lm ida arat epb xsaveopt pln pts dtherm tpr_shadow vnmi flexpriority ept vpid fsgsbase smep erms
bogomips	: 4789.13
clflush size	: 64
cache_alignment	: 64
address sizes	: 36 bits physical, 48 bits virtual
power management:

processor	: 5
vendor_id	: GenuineIntel
cpu family	: 6
model		: 58
model name	: Intel(R) Core(TM) i7-3630QM CPU @ 2.40GHz
stepping	: 9
microcode	: 0x15
cpu MHz		: 1200.000
cache size	: 6144 KB
physical id	: 0
siblings	: 8
core id		: 2
cpu cores	: 4
apicid		: 5
initial apicid	: 5
fpu		: yes
fpu_exception	: yes
cpuid level	: 13
wp		: yes
flags		: fpu vme de pse tsc msr pae mce cx8 apic sep mtrr pge mca cmov pat pse36 clflush dts acpi mmx fxsr sse sse2 ss ht tm pbe syscall nx rdtscp lm constant_tsc arch_perfmon pebs bts rep_good nopl xtopology nonstop_tsc aperfmperf eagerfpu pni pclmulqdq dtes64 monitor ds_cpl vmx est tm2 ssse3 cx16 xtpr pdcm pcid sse4_1 sse4_2 x2apic popcnt tsc_deadline_timer aes xsave avx f16c rdrand lahf_lm ida arat epb xsaveopt pln pts dtherm tpr_shadow vnmi flexpriority ept vpid fsgsbase smep erms
bogomips	: 4789.13
clflush size	: 64
cache_alignment	: 64
address sizes	: 36 bits physical, 48 bits virtual
power management:

processor	: 6
vendor_id	: GenuineIntel
cpu family	: 6
model		: 58
model name	: Intel(R) Core(TM) i7-3630QM CPU @ 2.40GHz
stepping	: 9
microcode	: 0x15
cpu MHz		: 2401.000
cache size	: 6144 KB
physical id	: 0
siblings	: 8
core id		: 3
cpu cores	: 4
apicid		: 6
initial apicid	: 6
fpu		: yes
fpu_exception	: yes
cpuid level	: 13
wp		: yes
flags		: fpu vme de pse tsc msr pae mce cx8 apic sep mtrr pge mca cmov pat pse36 clflush dts acpi mmx fxsr sse sse2 ss ht tm pbe syscall nx rdtscp lm constant_tsc arch_perfmon pebs bts rep_good nopl xtopology nonstop_tsc aperfmperf eagerfpu pni pclmulqdq dtes64 monitor ds_cpl vmx est tm2 ssse3 cx16 xtpr pdcm pcid sse4_1 sse4_2 x2apic popcnt tsc_deadline_timer aes xsave avx f16c rdrand lahf_lm ida arat epb xsaveopt pln pts dtherm tpr_shadow vnmi flexpriority ept vpid fsgsbase smep erms
bogomips	: 4789.13
clflush size	: 64
cache_alignment	: 64
address sizes	: 36 bits physical, 48 bits virtual
power management:

processor	: 7
vendor_id	: GenuineIntel
cpu family	: 6
model		: 58
model name	: Intel(R) Core(TM) i7-3630QM CPU @ 2.40GHz
stepping	: 9
microcode	: 0x15
cpu MHz		: 1200.000
cache size	: 6144 KB
physical id	: 0
siblings	: 8
core id		: 3
cpu cores	: 4
apicid		: 7
initial apicid	: 7
fpu		: yes
fpu_exception	: yes
cpuid level	: 13
wp		: yes
flags		: fpu vme de pse tsc msr pae mce cx8 apic sep mtrr pge mca cmov pat pse36 clflush dts acpi mmx fxsr sse sse2 ss ht tm pbe syscall nx rdtscp lm constant_tsc arch_perfmon pebs bts rep_good nopl xtopology nonstop_tsc aperfmperf eagerfpu pni pclmulqdq dtes64 monitor ds_cpl vmx est tm2 ssse3 cx16 xtpr pdcm pcid sse4_1 sse4_2 x2apic popcnt tsc_deadline_timer aes xsave avx f16c rdrand lahf_lm ida arat epb xsaveopt pln pts dtherm tpr_shadow vnmi flexpriority ept vpid fsgsbase smep erms
bogomips	: 4789.13
clflush size	: 64
cache_alignment	: 64
address sizes	: 36 bits physical, 48 bits virtual
power management:



Memory: 4k page, physical 8126888k(149656k free), swap 262140k(257228k free)

vm_info: Java HotSpot(TM) 64-Bit Server VM (24.51-b03) for linux-amd64 JRE (1.7.0_51-b13), built on Dec 18 2013 18:48:01 by "java_re" with gcc 4.3.0 20080428 (Red Hat 4.3.0-8)

time: Mon Jan 27 11:04:49 2014
elapsed time: 0 seconds

