#
# A fatal error has been detected by the Java Runtime Environment:
#
#  Internal Error (javaClasses.cpp:136), pid=8536, tid=140125389162240
#  fatal error: Invalid layout of preloaded class
#
# JRE version:  (7.0_51-b13) (build )
# Java VM: Java HotSpot(TM) 64-Bit Server VM (24.51-b03 mixed mode linux-amd64 compressed oops)
# Failed to write core dump. Core dumps have been disabled. To enable core dumping, try "ulimit -c unlimited" before starting Java again
#
# If you would like to submit a bug report, please visit:
#   http://bugreport.sun.com/bugreport/crash.jsp
#

---------------  T H R E A D  ---------------

Current thread (0x00007f7174009800):  JavaThread "Unknown thread" [_thread_in_vm, id=8541, stack(0x00007f717bfb8000,0x00007f717c0b9000)]

Stack: [0x00007f717bfb8000,0x00007f717c0b9000],  sp=0x00007f717c0b77c0,  free space=1021k
Native frames: (J=compiled Java code, j=interpreted, Vv=VM code, C=native code)
V  [libjvm.so+0x992f4a]  VMError::report_and_die()+0x2ea
V  [libjvm.so+0x493569]  report_fatal(char const*, int, char const*)+0x59
V  [libjvm.so+0x5fdce0]  compute_offset(int&, klassOopDesc*, Symbol*, Symbol*, bool)+0x140
V  [libjvm.so+0x5fe7f9]  java_lang_String::compute_offsets()+0x39
V  [libjvm.so+0x9191c5]  SystemDictionary::initialize_preloaded_classes(Thread*)+0x1a5
V  [libjvm.so+0x967f04]  Universe::genesis(Thread*)+0x494
V  [libjvm.so+0x9683b9]  universe2_init()+0x29
V  [libjvm.so+0x5a967d]  init_globals()+0xbd
V  [libjvm.so+0x94ef8d]  Threads::create_vm(JavaVMInitArgs*, bool*)+0x1ed
V  [libjvm.so+0x6307e4]  JNI_CreateJavaVM+0x74
C  [libjli.so+0x2f8e]  JavaMain+0x9e


---------------  P R O C E S S  ---------------

Java Threads: ( => current thread )

Other Threads:

=>0x00007f7174009800 (exited) JavaThread "Unknown thread" [_thread_in_vm, id=8541, stack(0x00007f717bfb8000,0x00007f717c0b9000)]

VM state:not at safepoint (not fully initialized)

VM Mutex/Monitor currently owned by a thread: None

GC Heap History (0 events):
No events

Deoptimization events (0 events):
No events

Internal exceptions (0 events):
No events

Events (10 events):
Event: 0.012 loading class 0x00007f71783426f0 done
Event: 0.012 loading class 0x00007f7178342110 done
Event: 0.012 loading class 0x00007f71783420f0
Event: 0.012 loading class 0x00007f717834a1f0
Event: 0.012 loading class 0x00007f717834a1f0 done
Event: 0.012 loading class 0x00007f717834a220
Event: 0.012 loading class 0x00007f717834a220 done
Event: 0.012 loading class 0x00007f717834a250
Event: 0.012 loading class 0x00007f717834a250 done
Event: 0.012 loading class 0x00007f71783420f0 done


Dynamic libraries:
00400000-00401000 r-xp 00000000 07:00 446726                             /usr/lib/jvm/java-7-oracle/bin/java
00600000-00601000 rw-p 00000000 07:00 446726                             /usr/lib/jvm/java-7-oracle/bin/java
01ed0000-01ef1000 rw-p 00000000 00:00 0                                  [heap]
77ec00000-780100000 rw-p 00000000 00:00 0 
780100000-783e00000 rw-p 00000000 00:00 0 
783e00000-789080000 rw-p 00000000 00:00 0 
789080000-7d6a00000 rw-p 00000000 00:00 0 
7d6a00000-7d9380000 rw-p 00000000 00:00 0 
7d9380000-800000000 rw-p 00000000 00:00 0 
7f7147f60000-7f714c000000 rw-p 00000000 00:00 0 
7f714c000000-7f714c021000 rw-p 00000000 00:00 0 
7f714c021000-7f7150000000 ---p 00000000 00:00 0 
7f7150000000-7f7150021000 rw-p 00000000 00:00 0 
7f7150021000-7f7154000000 ---p 00000000 00:00 0 
7f7154000000-7f7154021000 rw-p 00000000 00:00 0 
7f7154021000-7f7158000000 ---p 00000000 00:00 0 
7f715c000000-7f715c021000 rw-p 00000000 00:00 0 
7f715c021000-7f7160000000 ---p 00000000 00:00 0 
7f7160000000-7f7160021000 rw-p 00000000 00:00 0 
7f7160021000-7f7164000000 ---p 00000000 00:00 0 
7f7164000000-7f7164021000 rw-p 00000000 00:00 0 
7f7164021000-7f7168000000 ---p 00000000 00:00 0 
7f7168000000-7f7168021000 rw-p 00000000 00:00 0 
7f7168021000-7f716c000000 ---p 00000000 00:00 0 
7f716c000000-7f716c021000 rw-p 00000000 00:00 0 
7f716c021000-7f7170000000 ---p 00000000 00:00 0 
7f7170a8b000-7f7171000000 rw-p 00000000 00:00 0 
7f7171000000-7f7171270000 rwxp 00000000 00:00 0 
7f7171270000-7f717405c000 rw-p 00000000 00:00 0 
7f717405c000-7f7178000000 ---p 00000000 00:00 0 
7f71780f4000-7f71781f5000 rw-p 00000000 00:00 0 
7f71781f5000-7f71782cc000 r--s 013fe000 07:00 29089                      /home/pyro-lappy/android-sdks/platforms/android-19/android.jar
7f71782cc000-7f71783ee000 rw-p 00000000 00:00 0 
7f71783ee000-7f71783ef000 ---p 00000000 00:00 0 
7f71783ef000-7f71784ef000 rw-p 00000000 00:00 0                          [stack:8549]
7f71784ef000-7f71784f0000 ---p 00000000 00:00 0 
7f71784f0000-7f71785f0000 rw-p 00000000 00:00 0                          [stack:8548]
7f71785f0000-7f71785f1000 ---p 00000000 00:00 0 
7f71785f1000-7f71786f1000 rw-p 00000000 00:00 0                          [stack:8547]
7f71786f1000-7f71786f2000 ---p 00000000 00:00 0 
7f71786f2000-7f71787f2000 rw-p 00000000 00:00 0                          [stack:8546]
7f71787f2000-7f71787f3000 ---p 00000000 00:00 0 
7f71787f3000-7f71788f3000 rw-p 00000000 00:00 0                          [stack:8545]
7f71788f3000-7f71788f4000 ---p 00000000 00:00 0 
7f71788f4000-7f71789f4000 rw-p 00000000 00:00 0                          [stack:8544]
7f71789f4000-7f71789f5000 ---p 00000000 00:00 0 
7f71789f5000-7f7178af5000 rw-p 00000000 00:00 0                          [stack:8543]
7f7178af5000-7f7178af6000 ---p 00000000 00:00 0 
7f7178af6000-7f7178c01000 rw-p 00000000 00:00 0                          [stack:8542]
7f7178c01000-7f7178c1f000 rw-p 00000000 00:00 0 
7f7178c1f000-7f7178c49000 rw-p 00000000 00:00 0 
7f7178c49000-7f7178eb5000 rw-p 00000000 00:00 0 
7f7178eb5000-7f7178ec0000 rw-p 00000000 00:00 0 
7f7178ec0000-7f7178ede000 rw-p 00000000 00:00 0 
7f7178ede000-7f7178f08000 rw-p 00000000 00:00 0 
7f7178f08000-7f7179174000 rw-p 00000000 00:00 0 
7f7179174000-7f7179189000 rw-p 00000000 00:00 0 
7f7179189000-7f71792bf000 rw-p 00000000 00:00 0 
7f71792bf000-7f71792c0000 rw-p 00000000 00:00 0 
7f71792c0000-7f71792da000 r-xp 00000000 07:00 324857                     /usr/lib/jvm/java-7-oracle/jre/lib/amd64/libzip.so
7f71792da000-7f71794da000 ---p 0001a000 07:00 324857                     /usr/lib/jvm/java-7-oracle/jre/lib/amd64/libzip.so
7f71794da000-7f71794db000 rw-p 0001a000 07:00 324857                     /usr/lib/jvm/java-7-oracle/jre/lib/amd64/libzip.so
7f71794db000-7f71794e7000 r-xp 00000000 07:00 915461                     /lib/x86_64-linux-gnu/libnss_files-2.15.so
7f71794e7000-7f71796e6000 ---p 0000c000 07:00 915461                     /lib/x86_64-linux-gnu/libnss_files-2.15.so
7f71796e6000-7f71796e7000 r--p 0000b000 07:00 915461                     /lib/x86_64-linux-gnu/libnss_files-2.15.so
7f71796e7000-7f71796e8000 rw-p 0000c000 07:00 915461                     /lib/x86_64-linux-gnu/libnss_files-2.15.so
7f71796e8000-7f71796f2000 r-xp 00000000 07:00 915465                     /lib/x86_64-linux-gnu/libnss_nis-2.15.so
7f71796f2000-7f71798f2000 ---p 0000a000 07:00 915465                     /lib/x86_64-linux-gnu/libnss_nis-2.15.so
7f71798f2000-7f71798f3000 r--p 0000a000 07:00 915465                     /lib/x86_64-linux-gnu/libnss_nis-2.15.so
7f71798f3000-7f71798f4000 rw-p 0000b000 07:00 915465                     /lib/x86_64-linux-gnu/libnss_nis-2.15.so
7f71798f4000-7f717990b000 r-xp 00000000 07:00 915477                     /lib/x86_64-linux-gnu/libnsl-2.15.so
7f717990b000-7f7179b0a000 ---p 00017000 07:00 915477                     /lib/x86_64-linux-gnu/libnsl-2.15.so
7f7179b0a000-7f7179b0b000 r--p 00016000 07:00 915477                     /lib/x86_64-linux-gnu/libnsl-2.15.so
7f7179b0b000-7f7179b0c000 rw-p 00017000 07:00 915477                     /lib/x86_64-linux-gnu/libnsl-2.15.so
7f7179b0c000-7f7179b0e000 rw-p 00000000 00:00 0 
7f7179b0e000-7f7179b16000 r-xp 00000000 07:00 915459                     /lib/x86_64-linux-gnu/libnss_compat-2.15.so
7f7179b16000-7f7179d15000 ---p 00008000 07:00 915459                     /lib/x86_64-linux-gnu/libnss_compat-2.15.so
7f7179d15000-7f7179d16000 r--p 00007000 07:00 915459                     /lib/x86_64-linux-gnu/libnss_compat-2.15.so
7f7179d16000-7f7179d17000 rw-p 00008000 07:00 915459                     /lib/x86_64-linux-gnu/libnss_compat-2.15.so
7f7179d17000-7f7179d40000 r-xp 00000000 07:00 324895                     /usr/lib/jvm/java-7-oracle/jre/lib/amd64/libjava.so
7f7179d40000-7f7179f40000 ---p 00029000 07:00 324895                     /usr/lib/jvm/java-7-oracle/jre/lib/amd64/libjava.so
7f7179f40000-7f7179f42000 rw-p 00029000 07:00 324895                     /usr/lib/jvm/java-7-oracle/jre/lib/amd64/libjava.so
7f7179f42000-7f7179f4f000 r-xp 00000000 07:00 324867                     /usr/lib/jvm/java-7-oracle/jre/lib/amd64/libverify.so
7f7179f4f000-7f717a14e000 ---p 0000d000 07:00 324867                     /usr/lib/jvm/java-7-oracle/jre/lib/amd64/libverify.so
7f717a14e000-7f717a150000 rw-p 0000c000 07:00 324867                     /usr/lib/jvm/java-7-oracle/jre/lib/amd64/libverify.so
7f717a150000-7f717a157000 r-xp 00000000 07:00 915464                     /lib/x86_64-linux-gnu/librt-2.15.so
7f717a157000-7f717a356000 ---p 00007000 07:00 915464                     /lib/x86_64-linux-gnu/librt-2.15.so
7f717a356000-7f717a357000 r--p 00006000 07:00 915464                     /lib/x86_64-linux-gnu/librt-2.15.so
7f717a357000-7f717a358000 rw-p 00007000 07:00 915464                     /lib/x86_64-linux-gnu/librt-2.15.so
7f717a358000-7f717a453000 r-xp 00000000 07:00 915468                     /lib/x86_64-linux-gnu/libm-2.15.so
7f717a453000-7f717a652000 ---p 000fb000 07:00 915468                     /lib/x86_64-linux-gnu/libm-2.15.so
7f717a652000-7f717a653000 r--p 000fa000 07:00 915468                     /lib/x86_64-linux-gnu/libm-2.15.so
7f717a653000-7f717a654000 rw-p 000fb000 07:00 915468                     /lib/x86_64-linux-gnu/libm-2.15.so
7f717a654000-7f717b1b6000 r-xp 00000000 07:00 324877                     /usr/lib/jvm/java-7-oracle/jre/lib/amd64/server/libjvm.so
7f717b1b6000-7f717b3b6000 ---p 00b62000 07:00 324877                     /usr/lib/jvm/java-7-oracle/jre/lib/amd64/server/libjvm.so
7f717b3b6000-7f717b479000 rw-p 00b62000 07:00 324877                     /usr/lib/jvm/java-7-oracle/jre/lib/amd64/server/libjvm.so
7f717b479000-7f717b4ba000 rw-p 00000000 00:00 0 
7f717b4ba000-7f717b66f000 r-xp 00000000 07:00 903172                     /lib/x86_64-linux-gnu/libc-2.15.so
7f717b66f000-7f717b86f000 ---p 001b5000 07:00 903172                     /lib/x86_64-linux-gnu/libc-2.15.so
7f717b86f000-7f717b873000 r--p 001b5000 07:00 903172                     /lib/x86_64-linux-gnu/libc-2.15.so
7f717b873000-7f717b875000 rw-p 001b9000 07:00 903172                     /lib/x86_64-linux-gnu/libc-2.15.so
7f717b875000-7f717b87a000 rw-p 00000000 00:00 0 
7f717b87a000-7f717b87c000 r-xp 00000000 07:00 915472                     /lib/x86_64-linux-gnu/libdl-2.15.so
7f717b87c000-7f717ba7c000 ---p 00002000 07:00 915472                     /lib/x86_64-linux-gnu/libdl-2.15.so
7f717ba7c000-7f717ba7d000 r--p 00002000 07:00 915472                     /lib/x86_64-linux-gnu/libdl-2.15.so
7f717ba7d000-7f717ba7e000 rw-p 00003000 07:00 915472                     /lib/x86_64-linux-gnu/libdl-2.15.so
7f717ba7e000-7f717ba94000 r-xp 00000000 07:00 442518                     /usr/lib/jvm/java-7-oracle/lib/amd64/jli/libjli.so
7f717ba94000-7f717bc94000 ---p 00016000 07:00 442518                     /usr/lib/jvm/java-7-oracle/lib/amd64/jli/libjli.so
7f717bc94000-7f717bc95000 rw-p 00016000 07:00 442518                     /usr/lib/jvm/java-7-oracle/lib/amd64/jli/libjli.so
7f717bc95000-7f717bcad000 r-xp 00000000 07:00 915466                     /lib/x86_64-linux-gnu/libpthread-2.15.so
7f717bcad000-7f717beac000 ---p 00018000 07:00 915466                     /lib/x86_64-linux-gnu/libpthread-2.15.so
7f717beac000-7f717bead000 r--p 00017000 07:00 915466                     /lib/x86_64-linux-gnu/libpthread-2.15.so
7f717bead000-7f717beae000 rw-p 00018000 07:00 915466                     /lib/x86_64-linux-gnu/libpthread-2.15.so
7f717beae000-7f717beb2000 rw-p 00000000 00:00 0 
7f717beb2000-7f717bed4000 r-xp 00000000 07:00 915469                     /lib/x86_64-linux-gnu/ld-2.15.so
7f717bef8000-7f717bf02000 rw-p 00000000 00:00 0 
7f717bf02000-7f717bfb8000 rw-p 00000000 00:00 0 
7f717bfb8000-7f717bfbb000 ---p 00000000 00:00 0 
7f717bfbb000-7f717c0bd000 rw-p 00000000 00:00 0                          [stack:8541]
7f717c0c6000-7f717c0c8000 rw-p 00000000 00:00 0 
7f717c0c8000-7f717c0d0000 rw-s 00000000 07:00 578635                     /tmp/hsperfdata_pyro-lappy/8536
7f717c0d0000-7f717c0d1000 rw-p 00000000 00:00 0 
7f717c0d1000-7f717c0d2000 r--p 00000000 00:00 0 
7f717c0d2000-7f717c0d4000 rw-p 00000000 00:00 0 
7f717c0d4000-7f717c0d5000 r--p 00022000 07:00 915469                     /lib/x86_64-linux-gnu/ld-2.15.so
7f717c0d5000-7f717c0d7000 rw-p 00023000 07:00 915469                     /lib/x86_64-linux-gnu/ld-2.15.so
7fff1f6f0000-7fff1f711000 rw-p 00000000 00:00 0                          [stack]
7fff1f77f000-7fff1f781000 r-xp 00000000 00:00 0                          [vdso]
ffffffffff600000-ffffffffff601000 r-xp 00000000 00:00 0                  [vsyscall]

VM Arguments:
jvm_args: -Dfile.encoding=UTF-8 -Xbootclasspath:/home/pyro-lappy/android-sdks/platforms/android-19/android.jar 
java_command: uk.ac.aber.group14.Main
Launcher Type: SUN_STANDARD

Environment Variables:
PATH=/usr/lib/lightdm/lightdm:/usr/local/sbin:/usr/local/bin:/usr/sbin:/usr/bin:/sbin:/bin:/usr/games
SHELL=/bin/bash
DISPLAY=:0.0

Signal Handlers:
SIGSEGV: [libjvm.so+0x993870], sa_mask[0]=0x7ffbfeff, sa_flags=0x10000004
SIGBUS: [libjvm.so+0x993870], sa_mask[0]=0x7ffbfeff, sa_flags=0x10000004
SIGFPE: [libjvm.so+0x8105b0], sa_mask[0]=0x7ffbfeff, sa_flags=0x10000004
SIGPIPE: [libjvm.so+0x8105b0], sa_mask[0]=0x7ffbfeff, sa_flags=0x10000004
SIGXFSZ: [libjvm.so+0x8105b0], sa_mask[0]=0x7ffbfeff, sa_flags=0x10000004
SIGILL: [libjvm.so+0x8105b0], sa_mask[0]=0x7ffbfeff, sa_flags=0x10000004
SIGUSR1: SIG_DFL, sa_mask[0]=0x00000000, sa_flags=0x00000000
SIGUSR2: [libjvm.so+0x811aa0], sa_mask[0]=0x00000004, sa_flags=0x10000004
SIGHUP: SIG_DFL, sa_mask[0]=0x00000000, sa_flags=0x00000000
SIGINT: SIG_DFL, sa_mask[0]=0x00000000, sa_flags=0x00000000
SIGTERM: SIG_DFL, sa_mask[0]=0x00000000, sa_flags=0x00000000
SIGQUIT: SIG_DFL, sa_mask[0]=0x00000000, sa_flags=0x00000000


---------------  S Y S T E M  ---------------

OS:wheezy/sid

uname:Linux 3.8.0-29-generic #42~precise1-Ubuntu SMP Wed Aug 14 16:19:23 UTC 2013 x86_64
libc:glibc 2.15 NPTL 2.15 
rlimit: STACK 8192k, CORE 0k, NPROC 63343, NOFILE 4096, AS infinity
load average:0.71 0.74 0.91

/proc/meminfo:
MemTotal:        8126888 kB
MemFree:          149080 kB
Buffers:         2082248 kB
Cached:          3044600 kB
SwapCached:           20 kB
Active:          4015100 kB
Inactive:        3418664 kB
Active(anon):    1466504 kB
Inactive(anon):   860948 kB
Active(file):    2548596 kB
Inactive(file):  2557716 kB
Unevictable:        2680 kB
Mlocked:               0 kB
SwapTotal:        262140 kB
SwapFree:         257228 kB
Dirty:               108 kB
Writeback:             0 kB
AnonPages:       2309872 kB
Mapped:           260500 kB
Shmem:             17896 kB
Slab:             344364 kB
SReclaimable:     301304 kB
SUnreclaim:        43060 kB
KernelStack:        4544 kB
PageTables:        39220 kB
NFS_Unstable:          0 kB
Bounce:                0 kB
WritebackTmp:          0 kB
CommitLimit:     4325584 kB
Committed_AS:    5152684 kB
VmallocTotal:   34359738367 kB
VmallocUsed:      130664 kB
VmallocChunk:   34359601144 kB
HardwareCorrupted:     0 kB
AnonHugePages:         0 kB
HugePages_Total:       0
HugePages_Free:        0
HugePages_Rsvd:        0
HugePages_Surp:        0
Hugepagesize:       2048 kB
DirectMap4k:     2455552 kB
DirectMap2M:     5908480 kB


CPU:total 8 (4 cores per cpu, 2 threads per core) family 6 model 58 stepping 9, cmov, cx8, fxsr, mmx, sse, sse2, sse3, ssse3, sse4.1, sse4.2, popcnt, avx, aes, erms, ht, tsc, tscinvbit, tscinv

/proc/cpuinfo:
processor	: 0
vendor_id	: GenuineIntel
cpu family	: 6
model		: 58
model name	: Intel(R) Core(TM) i7-3630QM CPU @ 2.40GHz
stepping	: 9
microcode	: 0x15
cpu MHz		: 2401.000
cache size	: 6144 KB
physical id	: 0
siblings	: 8
core id		: 0
cpu cores	: 4
apicid		: 0
initial apicid	: 0
fpu		: yes
fpu_exception	: yes
cpuid level	: 13
wp		: yes
flags		: fpu vme de pse tsc msr pae mce cx8 apic sep mtrr pge mca cmov pat pse36 clflush dts acpi mmx fxsr sse sse2 ss ht tm pbe syscall nx rdtscp lm constant_tsc arch_perfmon pebs bts rep_good nopl xtopology nonstop_tsc aperfmperf eagerfpu pni pclmulqdq dtes64 monitor ds_cpl vmx est tm2 ssse3 cx16 xtpr pdcm pcid sse4_1 sse4_2 x2apic popcnt tsc_deadline_timer aes xsave avx f16c rdrand lahf_lm ida arat epb xsaveopt pln pts dtherm tpr_shadow vnmi flexpriority ept vpid fsgsbase smep erms
bogomips	: 4789.13
clflush size	: 64
cache_alignment	: 64
address sizes	: 36 bits physical, 48 bits virtual
power management:

processor	: 1
vendor_id	: GenuineIntel
cpu family	: 6
model		: 58
model name	: Intel(R) Core(TM) i7-3630QM CPU @ 2.40GHz
stepping	: 9
microcode	: 0x15
cpu MHz		: 1200.000
cache size	: 6144 KB
physical id	: 0
siblings	: 8
core id		: 0
cpu cores	: 4
apicid		: 1
initial apicid	: 1
fpu		: yes
fpu_exception	: yes
cpuid level	: 13
wp		: yes
flags		: fpu vme de pse tsc msr pae mce cx8 apic sep mtrr pge mca cmov pat pse36 clflush dts acpi mmx fxsr sse sse2 ss ht tm pbe syscall nx rdtscp lm constant_tsc arch_perfmon pebs bts rep_good nopl xtopology nonstop_tsc aperfmperf eagerfpu pni pclmulqdq dtes64 monitor ds_cpl vmx est tm2 ssse3 cx16 xtpr pdcm pcid sse4_1 sse4_2 x2apic popcnt tsc_deadline_timer aes xsave avx f16c rdrand lahf_lm ida arat epb xsaveopt pln pts dtherm tpr_shadow vnmi flexpriority ept vpid fsgsbase smep erms
bogomips	: 4789.13
clflush size	: 64
cache_alignment	: 64
address sizes	: 36 bits physical, 48 bits virtual
power management:

processor	: 2
vendor_id	: GenuineIntel
cpu family	: 6
model		: 58
model name	: Intel(R) Core(TM) i7-3630QM CPU @ 2.40GHz
stepping	: 9
microcode	: 0x15
cpu MHz		: 1200.000
cache size	: 6144 KB
physical id	: 0
siblings	: 8
core id		: 1
cpu cores	: 4
apicid		: 2
initial apicid	: 2
fpu		: yes
fpu_exception	: yes
cpuid level	: 13
wp		: yes
flags		: fpu vme de pse tsc msr pae mce cx8 apic sep mtrr pge mca cmov pat pse36 clflush dts acpi mmx fxsr sse sse2 ss ht tm pbe syscall nx rdtscp lm constant_tsc arch_perfmon pebs bts rep_good nopl xtopology nonstop_tsc aperfmperf eagerfpu pni pclmulqdq dtes64 monitor ds_cpl vmx est tm2 ssse3 cx16 xtpr pdcm pcid sse4_1 sse4_2 x2apic popcnt tsc_deadline_timer aes xsave avx f16c rdrand lahf_lm ida arat epb xsaveopt pln pts dtherm tpr_shadow vnmi flexpriority ept vpid fsgsbase smep erms
bogomips	: 4789.13
clflush size	: 64
cache_alignment	: 64
address sizes	: 36 bits physical, 48 bits virtual
power management:

processor	: 3
vendor_id	: GenuineIntel
cpu family	: 6
model		: 58
model name	: Intel(R) Core(TM) i7-3630QM CPU @ 2.40GHz
stepping	: 9
microcode	: 0x15
cpu MHz		: 1200.000
cache size	: 6144 KB
physical id	: 0
siblings	: 8
core id		: 1
cpu cores	: 4
apicid		: 3
initial apicid	: 3
fpu		: yes
fpu_exception	: yes
cpuid level	: 13
wp		: yes
flags		: fpu vme de pse tsc msr pae mce cx8 apic sep mtrr pge mca cmov pat pse36 clflush dts acpi mmx fxsr sse sse2 ss ht tm pbe syscall nx rdtscp lm constant_tsc arch_perfmon pebs bts rep_good nopl xtopology nonstop_tsc aperfmperf eagerfpu pni pclmulqdq dtes64 monitor ds_cpl vmx est tm2 ssse3 cx16 xtpr pdcm pcid sse4_1 sse4_2 x2apic popcnt tsc_deadline_timer aes xsave avx f16c rdrand lahf_lm ida arat epb xsaveopt pln pts dtherm tpr_shadow vnmi flexpriority ept vpid fsgsbase smep erms
bogomips	: 4789.13
clflush size	: 64
cache_alignment	: 64
address sizes	: 36 bits physical, 48 bits virtual
power management:

processor	: 4
vendor_id	: GenuineIntel
cpu family	: 6
model		: 58
model name	: Intel(R) Core(TM) i7-3630QM CPU @ 2.40GHz
stepping	: 9
microcode	: 0x15
cpu MHz		: 1200.000
cache size	: 6144 KB
physical id	: 0
siblings	: 8
core id		: 2
cpu cores	: 4
apicid		: 4
initial apicid	: 4
fpu		: yes
fpu_exception	: yes
cpuid level	: 13
wp		: yes
flags		: fpu vme de pse tsc msr pae mce cx8 apic sep mtrr pge mca cmov pat pse36 clflush dts acpi mmx fxsr sse sse2 ss ht tm pbe syscall nx rdtscp lm constant_tsc arch_perfmon pebs bts rep_good nopl xtopology nonstop_tsc aperfmperf eagerfpu pni pclmulqdq dtes64 monitor ds_cpl vmx est tm2 ssse3 cx16 xtpr pdcm pcid sse4_1 sse4_2 x2apic popcnt tsc_deadline_timer aes xsave avx f16c rdrand lahf_lm ida arat epb xsaveopt pln pts dtherm tpr_shadow vnmi flexpriority ept vpid fsgsbase smep erms
bogomips	: 4789.13
clflush size	: 64
cache_alignment	: 64
address sizes	: 36 bits physical, 48 bits virtual
power management:

processor	: 5
vendor_id	: GenuineIntel
cpu family	: 6
model		: 58
model name	: Intel(R) Core(TM) i7-3630QM CPU @ 2.40GHz
stepping	: 9
microcode	: 0x15
cpu MHz		: 2401.000
cache size	: 6144 KB
physical id	: 0
siblings	: 8
core id		: 2
cpu cores	: 4
apicid		: 5
initial apicid	: 5
fpu		: yes
fpu_exception	: yes
cpuid level	: 13
wp		: yes
flags		: fpu vme de pse tsc msr pae mce cx8 apic sep mtrr pge mca cmov pat pse36 clflush dts acpi mmx fxsr sse sse2 ss ht tm pbe syscall nx rdtscp lm constant_tsc arch_perfmon pebs bts rep_good nopl xtopology nonstop_tsc aperfmperf eagerfpu pni pclmulqdq dtes64 monitor ds_cpl vmx est tm2 ssse3 cx16 xtpr pdcm pcid sse4_1 sse4_2 x2apic popcnt tsc_deadline_timer aes xsave avx f16c rdrand lahf_lm ida arat epb xsaveopt pln pts dtherm tpr_shadow vnmi flexpriority ept vpid fsgsbase smep erms
bogomips	: 4789.13
clflush size	: 64
cache_alignment	: 64
address sizes	: 36 bits physical, 48 bits virtual
power management:

processor	: 6
vendor_id	: GenuineIntel
cpu family	: 6
model		: 58
model name	: Intel(R) Core(TM) i7-3630QM CPU @ 2.40GHz
stepping	: 9
microcode	: 0x15
cpu MHz		: 1200.000
cache size	: 6144 KB
physical id	: 0
siblings	: 8
core id		: 3
cpu cores	: 4
apicid		: 6
initial apicid	: 6
fpu		: yes
fpu_exception	: yes
cpuid level	: 13
wp		: yes
flags		: fpu vme de pse tsc msr pae mce cx8 apic sep mtrr pge mca cmov pat pse36 clflush dts acpi mmx fxsr sse sse2 ss ht tm pbe syscall nx rdtscp lm constant_tsc arch_perfmon pebs bts rep_good nopl xtopology nonstop_tsc aperfmperf eagerfpu pni pclmulqdq dtes64 monitor ds_cpl vmx est tm2 ssse3 cx16 xtpr pdcm pcid sse4_1 sse4_2 x2apic popcnt tsc_deadline_timer aes xsave avx f16c rdrand lahf_lm ida arat epb xsaveopt pln pts dtherm tpr_shadow vnmi flexpriority ept vpid fsgsbase smep erms
bogomips	: 4789.13
clflush size	: 64
cache_alignment	: 64
address sizes	: 36 bits physical, 48 bits virtual
power management:

processor	: 7
vendor_id	: GenuineIntel
cpu family	: 6
model		: 58
model name	: Intel(R) Core(TM) i7-3630QM CPU @ 2.40GHz
stepping	: 9
microcode	: 0x15
cpu MHz		: 2401.000
cache size	: 6144 KB
physical id	: 0
siblings	: 8
core id		: 3
cpu cores	: 4
apicid		: 7
initial apicid	: 7
fpu		: yes
fpu_exception	: yes
cpuid level	: 13
wp		: yes
flags		: fpu vme de pse tsc msr pae mce cx8 apic sep mtrr pge mca cmov pat pse36 clflush dts acpi mmx fxsr sse sse2 ss ht tm pbe syscall nx rdtscp lm constant_tsc arch_perfmon pebs bts rep_good nopl xtopology nonstop_tsc aperfmperf eagerfpu pni pclmulqdq dtes64 monitor ds_cpl vmx est tm2 ssse3 cx16 xtpr pdcm pcid sse4_1 sse4_2 x2apic popcnt tsc_deadline_timer aes xsave avx f16c rdrand lahf_lm ida arat epb xsaveopt pln pts dtherm tpr_shadow vnmi flexpriority ept vpid fsgsbase smep erms
bogomips	: 4789.13
clflush size	: 64
cache_alignment	: 64
address sizes	: 36 bits physical, 48 bits virtual
power management:



Memory: 4k page, physical 8126888k(149080k free), swap 262140k(257228k free)

vm_info: Java HotSpot(TM) 64-Bit Server VM (24.51-b03) for linux-amd64 JRE (1.7.0_51-b13), built on Dec 18 2013 18:48:01 by "java_re" with gcc 4.3.0 20080428 (Red Hat 4.3.0-8)

time: Mon Jan 27 11:04:54 2014
elapsed time: 0 seconds

