#
# A fatal error has been detected by the Java Runtime Environment:
#
#  Internal Error (javaClasses.cpp:136), pid=8488, tid=140271877592832
#  fatal error: Invalid layout of preloaded class
#
# JRE version:  (7.0_51-b13) (build )
# Java VM: Java HotSpot(TM) 64-Bit Server VM (24.51-b03 mixed mode linux-amd64 compressed oops)
# Failed to write core dump. Core dumps have been disabled. To enable core dumping, try "ulimit -c unlimited" before starting Java again
#
# If you would like to submit a bug report, please visit:
#   http://bugreport.sun.com/bugreport/crash.jsp
#

---------------  T H R E A D  ---------------

Current thread (0x00007f9390009800):  JavaThread "Unknown thread" [_thread_in_vm, id=8493, stack(0x00007f93975f9000,0x00007f93976fa000)]

Stack: [0x00007f93975f9000,0x00007f93976fa000],  sp=0x00007f93976f87c0,  free space=1021k
Native frames: (J=compiled Java code, j=interpreted, Vv=VM code, C=native code)
V  [libjvm.so+0x992f4a]  VMError::report_and_die()+0x2ea
V  [libjvm.so+0x493569]  report_fatal(char const*, int, char const*)+0x59
V  [libjvm.so+0x5fdce0]  compute_offset(int&, klassOopDesc*, Symbol*, Symbol*, bool)+0x140
V  [libjvm.so+0x5fe7f9]  java_lang_String::compute_offsets()+0x39
V  [libjvm.so+0x9191c5]  SystemDictionary::initialize_preloaded_classes(Thread*)+0x1a5
V  [libjvm.so+0x967f04]  Universe::genesis(Thread*)+0x494
V  [libjvm.so+0x9683b9]  universe2_init()+0x29
V  [libjvm.so+0x5a967d]  init_globals()+0xbd
V  [libjvm.so+0x94ef8d]  Threads::create_vm(JavaVMInitArgs*, bool*)+0x1ed
V  [libjvm.so+0x6307e4]  JNI_CreateJavaVM+0x74
C  [libjli.so+0x2f8e]  JavaMain+0x9e


---------------  P R O C E S S  ---------------

Java Threads: ( => current thread )

Other Threads:

=>0x00007f9390009800 (exited) JavaThread "Unknown thread" [_thread_in_vm, id=8493, stack(0x00007f93975f9000,0x00007f93976fa000)]

VM state:not at safepoint (not fully initialized)

VM Mutex/Monitor currently owned by a thread: None

GC Heap History (0 events):
No events

Deoptimization events (0 events):
No events

Internal exceptions (0 events):
No events

Events (10 events):
Event: 0.005 loading class 0x00007f938c56d6f0 done
Event: 0.005 loading class 0x00007f938c56d110 done
Event: 0.005 loading class 0x00007f938c56d0f0
Event: 0.006 loading class 0x00007f938c5751f0
Event: 0.006 loading class 0x00007f938c5751f0 done
Event: 0.006 loading class 0x00007f938c575220
Event: 0.006 loading class 0x00007f938c575220 done
Event: 0.006 loading class 0x00007f938c575250
Event: 0.006 loading class 0x00007f938c575250 done
Event: 0.006 loading class 0x00007f938c56d0f0 done


Dynamic libraries:
00400000-00401000 r-xp 00000000 07:00 446726                             /usr/lib/jvm/java-7-oracle/bin/java
00600000-00601000 rw-p 00000000 07:00 446726                             /usr/lib/jvm/java-7-oracle/bin/java
01520000-01541000 rw-p 00000000 00:00 0                                  [heap]
77ec00000-780100000 rw-p 00000000 00:00 0 
780100000-783e00000 rw-p 00000000 00:00 0 
783e00000-789080000 rw-p 00000000 00:00 0 
789080000-7d6a00000 rw-p 00000000 00:00 0 
7d6a00000-7d9380000 rw-p 00000000 00:00 0 
7d9380000-800000000 rw-p 00000000 00:00 0 
7f935ff60000-7f9364000000 rw-p 00000000 00:00 0 
7f9364000000-7f9364021000 rw-p 00000000 00:00 0 
7f9364021000-7f9368000000 ---p 00000000 00:00 0 
7f936c000000-7f936c021000 rw-p 00000000 00:00 0 
7f936c021000-7f9370000000 ---p 00000000 00:00 0 
7f9374000000-7f9374021000 rw-p 00000000 00:00 0 
7f9374021000-7f9378000000 ---p 00000000 00:00 0 
7f9378000000-7f9378021000 rw-p 00000000 00:00 0 
7f9378021000-7f937c000000 ---p 00000000 00:00 0 
7f937c000000-7f937c021000 rw-p 00000000 00:00 0 
7f937c021000-7f9380000000 ---p 00000000 00:00 0 
7f9380000000-7f9380021000 rw-p 00000000 00:00 0 
7f9380021000-7f9384000000 ---p 00000000 00:00 0 
7f9384000000-7f9384021000 rw-p 00000000 00:00 0 
7f9384021000-7f9388000000 ---p 00000000 00:00 0 
7f9388000000-7f9388021000 rw-p 00000000 00:00 0 
7f9388021000-7f938c000000 ---p 00000000 00:00 0 
7f938c1b4000-7f938c420000 rw-p 00000000 00:00 0 
7f938c420000-7f938c4f7000 r--s 013fe000 07:00 29089                      /home/pyro-lappy/android-sdks/platforms/android-19/android.jar
7f938c4f7000-7f938c9fa000 rw-p 00000000 00:00 0 
7f938c9fa000-7f938c9fb000 ---p 00000000 00:00 0 
7f938c9fb000-7f938cafb000 rw-p 00000000 00:00 0                          [stack:8501]
7f938cafb000-7f938cafc000 ---p 00000000 00:00 0 
7f938cafc000-7f938cbfc000 rw-p 00000000 00:00 0                          [stack:8500]
7f938cbfc000-7f938cbfd000 ---p 00000000 00:00 0 
7f938cbfd000-7f938ccfd000 rw-p 00000000 00:00 0                          [stack:8499]
7f938ccfd000-7f938ccfe000 ---p 00000000 00:00 0 
7f938ccfe000-7f938cdfe000 rw-p 00000000 00:00 0                          [stack:8498]
7f938cdfe000-7f938cdff000 ---p 00000000 00:00 0 
7f938cdff000-7f938ceff000 rw-p 00000000 00:00 0                          [stack:8497]
7f938ceff000-7f938cf00000 ---p 00000000 00:00 0 
7f938cf00000-7f938d000000 rw-p 00000000 00:00 0                          [stack:8496]
7f938d000000-7f938d270000 rwxp 00000000 00:00 0 
7f938d270000-7f939005c000 rw-p 00000000 00:00 0 
7f939005c000-7f9394000000 ---p 00000000 00:00 0 
7f939400c000-7f9394035000 rw-p 00000000 00:00 0 
7f9394035000-7f9394036000 ---p 00000000 00:00 0 
7f9394036000-7f9394136000 rw-p 00000000 00:00 0                          [stack:8495]
7f9394136000-7f9394137000 ---p 00000000 00:00 0 
7f9394137000-7f9394242000 rw-p 00000000 00:00 0                          [stack:8494]
7f9394242000-7f9394260000 rw-p 00000000 00:00 0 
7f9394260000-7f939428a000 rw-p 00000000 00:00 0 
7f939428a000-7f93944f6000 rw-p 00000000 00:00 0 
7f93944f6000-7f9394501000 rw-p 00000000 00:00 0 
7f9394501000-7f939451f000 rw-p 00000000 00:00 0 
7f939451f000-7f9394549000 rw-p 00000000 00:00 0 
7f9394549000-7f93947b5000 rw-p 00000000 00:00 0 
7f93947b5000-7f93947ca000 rw-p 00000000 00:00 0 
7f93947ca000-7f9394900000 rw-p 00000000 00:00 0 
7f9394900000-7f9394901000 rw-p 00000000 00:00 0 
7f9394901000-7f939491b000 r-xp 00000000 07:00 324857                     /usr/lib/jvm/java-7-oracle/jre/lib/amd64/libzip.so
7f939491b000-7f9394b1b000 ---p 0001a000 07:00 324857                     /usr/lib/jvm/java-7-oracle/jre/lib/amd64/libzip.so
7f9394b1b000-7f9394b1c000 rw-p 0001a000 07:00 324857                     /usr/lib/jvm/java-7-oracle/jre/lib/amd64/libzip.so
7f9394b1c000-7f9394b28000 r-xp 00000000 07:00 915461                     /lib/x86_64-linux-gnu/libnss_files-2.15.so
7f9394b28000-7f9394d27000 ---p 0000c000 07:00 915461                     /lib/x86_64-linux-gnu/libnss_files-2.15.so
7f9394d27000-7f9394d28000 r--p 0000b000 07:00 915461                     /lib/x86_64-linux-gnu/libnss_files-2.15.so
7f9394d28000-7f9394d29000 rw-p 0000c000 07:00 915461                     /lib/x86_64-linux-gnu/libnss_files-2.15.so
7f9394d29000-7f9394d33000 r-xp 00000000 07:00 915465                     /lib/x86_64-linux-gnu/libnss_nis-2.15.so
7f9394d33000-7f9394f33000 ---p 0000a000 07:00 915465                     /lib/x86_64-linux-gnu/libnss_nis-2.15.so
7f9394f33000-7f9394f34000 r--p 0000a000 07:00 915465                     /lib/x86_64-linux-gnu/libnss_nis-2.15.so
7f9394f34000-7f9394f35000 rw-p 0000b000 07:00 915465                     /lib/x86_64-linux-gnu/libnss_nis-2.15.so
7f9394f35000-7f9394f4c000 r-xp 00000000 07:00 915477                     /lib/x86_64-linux-gnu/libnsl-2.15.so
7f9394f4c000-7f939514b000 ---p 00017000 07:00 915477                     /lib/x86_64-linux-gnu/libnsl-2.15.so
7f939514b000-7f939514c000 r--p 00016000 07:00 915477                     /lib/x86_64-linux-gnu/libnsl-2.15.so
7f939514c000-7f939514d000 rw-p 00017000 07:00 915477                     /lib/x86_64-linux-gnu/libnsl-2.15.so
7f939514d000-7f939514f000 rw-p 00000000 00:00 0 
7f939514f000-7f9395157000 r-xp 00000000 07:00 915459                     /lib/x86_64-linux-gnu/libnss_compat-2.15.so
7f9395157000-7f9395356000 ---p 00008000 07:00 915459                     /lib/x86_64-linux-gnu/libnss_compat-2.15.so
7f9395356000-7f9395357000 r--p 00007000 07:00 915459                     /lib/x86_64-linux-gnu/libnss_compat-2.15.so
7f9395357000-7f9395358000 rw-p 00008000 07:00 915459                     /lib/x86_64-linux-gnu/libnss_compat-2.15.so
7f9395358000-7f9395381000 r-xp 00000000 07:00 324895                     /usr/lib/jvm/java-7-oracle/jre/lib/amd64/libjava.so
7f9395381000-7f9395581000 ---p 00029000 07:00 324895                     /usr/lib/jvm/java-7-oracle/jre/lib/amd64/libjava.so
7f9395581000-7f9395583000 rw-p 00029000 07:00 324895                     /usr/lib/jvm/java-7-oracle/jre/lib/amd64/libjava.so
7f9395583000-7f9395590000 r-xp 00000000 07:00 324867                     /usr/lib/jvm/java-7-oracle/jre/lib/amd64/libverify.so
7f9395590000-7f939578f000 ---p 0000d000 07:00 324867                     /usr/lib/jvm/java-7-oracle/jre/lib/amd64/libverify.so
7f939578f000-7f9395791000 rw-p 0000c000 07:00 324867                     /usr/lib/jvm/java-7-oracle/jre/lib/amd64/libverify.so
7f9395791000-7f9395798000 r-xp 00000000 07:00 915464                     /lib/x86_64-linux-gnu/librt-2.15.so
7f9395798000-7f9395997000 ---p 00007000 07:00 915464                     /lib/x86_64-linux-gnu/librt-2.15.so
7f9395997000-7f9395998000 r--p 00006000 07:00 915464                     /lib/x86_64-linux-gnu/librt-2.15.so
7f9395998000-7f9395999000 rw-p 00007000 07:00 915464                     /lib/x86_64-linux-gnu/librt-2.15.so
7f9395999000-7f9395a94000 r-xp 00000000 07:00 915468                     /lib/x86_64-linux-gnu/libm-2.15.so
7f9395a94000-7f9395c93000 ---p 000fb000 07:00 915468                     /lib/x86_64-linux-gnu/libm-2.15.so
7f9395c93000-7f9395c94000 r--p 000fa000 07:00 915468                     /lib/x86_64-linux-gnu/libm-2.15.so
7f9395c94000-7f9395c95000 rw-p 000fb000 07:00 915468                     /lib/x86_64-linux-gnu/libm-2.15.so
7f9395c95000-7f93967f7000 r-xp 00000000 07:00 324877                     /usr/lib/jvm/java-7-oracle/jre/lib/amd64/server/libjvm.so
7f93967f7000-7f93969f7000 ---p 00b62000 07:00 324877                     /usr/lib/jvm/java-7-oracle/jre/lib/amd64/server/libjvm.so
7f93969f7000-7f9396aba000 rw-p 00b62000 07:00 324877                     /usr/lib/jvm/java-7-oracle/jre/lib/amd64/server/libjvm.so
7f9396aba000-7f9396afb000 rw-p 00000000 00:00 0 
7f9396afb000-7f9396cb0000 r-xp 00000000 07:00 903172                     /lib/x86_64-linux-gnu/libc-2.15.so
7f9396cb0000-7f9396eb0000 ---p 001b5000 07:00 903172                     /lib/x86_64-linux-gnu/libc-2.15.so
7f9396eb0000-7f9396eb4000 r--p 001b5000 07:00 903172                     /lib/x86_64-linux-gnu/libc-2.15.so
7f9396eb4000-7f9396eb6000 rw-p 001b9000 07:00 903172                     /lib/x86_64-linux-gnu/libc-2.15.so
7f9396eb6000-7f9396ebb000 rw-p 00000000 00:00 0 
7f9396ebb000-7f9396ebd000 r-xp 00000000 07:00 915472                     /lib/x86_64-linux-gnu/libdl-2.15.so
7f9396ebd000-7f93970bd000 ---p 00002000 07:00 915472                     /lib/x86_64-linux-gnu/libdl-2.15.so
7f93970bd000-7f93970be000 r--p 00002000 07:00 915472                     /lib/x86_64-linux-gnu/libdl-2.15.so
7f93970be000-7f93970bf000 rw-p 00003000 07:00 915472                     /lib/x86_64-linux-gnu/libdl-2.15.so
7f93970bf000-7f93970d5000 r-xp 00000000 07:00 442518                     /usr/lib/jvm/java-7-oracle/lib/amd64/jli/libjli.so
7f93970d5000-7f93972d5000 ---p 00016000 07:00 442518                     /usr/lib/jvm/java-7-oracle/lib/amd64/jli/libjli.so
7f93972d5000-7f93972d6000 rw-p 00016000 07:00 442518                     /usr/lib/jvm/java-7-oracle/lib/amd64/jli/libjli.so
7f93972d6000-7f93972ee000 r-xp 00000000 07:00 915466                     /lib/x86_64-linux-gnu/libpthread-2.15.so
7f93972ee000-7f93974ed000 ---p 00018000 07:00 915466                     /lib/x86_64-linux-gnu/libpthread-2.15.so
7f93974ed000-7f93974ee000 r--p 00017000 07:00 915466                     /lib/x86_64-linux-gnu/libpthread-2.15.so
7f93974ee000-7f93974ef000 rw-p 00018000 07:00 915466                     /lib/x86_64-linux-gnu/libpthread-2.15.so
7f93974ef000-7f93974f3000 rw-p 00000000 00:00 0 
7f93974f3000-7f9397515000 r-xp 00000000 07:00 915469                     /lib/x86_64-linux-gnu/ld-2.15.so
7f9397539000-7f9397543000 rw-p 00000000 00:00 0 
7f9397543000-7f93975f9000 rw-p 00000000 00:00 0 
7f93975f9000-7f93975fc000 ---p 00000000 00:00 0 
7f93975fc000-7f93976fe000 rw-p 00000000 00:00 0                          [stack:8493]
7f9397707000-7f9397709000 rw-p 00000000 00:00 0 
7f9397709000-7f9397711000 rw-s 00000000 07:00 578635                     /tmp/hsperfdata_pyro-lappy/8488
7f9397711000-7f9397712000 rw-p 00000000 00:00 0 
7f9397712000-7f9397713000 r--p 00000000 00:00 0 
7f9397713000-7f9397715000 rw-p 00000000 00:00 0 
7f9397715000-7f9397716000 r--p 00022000 07:00 915469                     /lib/x86_64-linux-gnu/ld-2.15.so
7f9397716000-7f9397718000 rw-p 00023000 07:00 915469                     /lib/x86_64-linux-gnu/ld-2.15.so
7fff0c1eb000-7fff0c20c000 rw-p 00000000 00:00 0                          [stack]
7fff0c292000-7fff0c294000 r-xp 00000000 00:00 0                          [vdso]
ffffffffff600000-ffffffffff601000 r-xp 00000000 00:00 0                  [vsyscall]

VM Arguments:
jvm_args: -Dfile.encoding=UTF-8 -Xbootclasspath:/home/pyro-lappy/android-sdks/platforms/android-19/android.jar 
java_command: uk.ac.aber.group14.Main
Launcher Type: SUN_STANDARD

Environment Variables:
PATH=/usr/lib/lightdm/lightdm:/usr/local/sbin:/usr/local/bin:/usr/sbin:/usr/bin:/sbin:/bin:/usr/games
SHELL=/bin/bash
DISPLAY=:0.0

Signal Handlers:
SIGSEGV: [libjvm.so+0x993870], sa_mask[0]=0x7ffbfeff, sa_flags=0x10000004
SIGBUS: [libjvm.so+0x993870], sa_mask[0]=0x7ffbfeff, sa_flags=0x10000004
SIGFPE: [libjvm.so+0x8105b0], sa_mask[0]=0x7ffbfeff, sa_flags=0x10000004
SIGPIPE: [libjvm.so+0x8105b0], sa_mask[0]=0x7ffbfeff, sa_flags=0x10000004
SIGXFSZ: [libjvm.so+0x8105b0], sa_mask[0]=0x7ffbfeff, sa_flags=0x10000004
SIGILL: [libjvm.so+0x8105b0], sa_mask[0]=0x7ffbfeff, sa_flags=0x10000004
SIGUSR1: SIG_DFL, sa_mask[0]=0x00000000, sa_flags=0x00000000
SIGUSR2: [libjvm.so+0x811aa0], sa_mask[0]=0x00000004, sa_flags=0x10000004
SIGHUP: SIG_DFL, sa_mask[0]=0x00000000, sa_flags=0x00000000
SIGINT: SIG_DFL, sa_mask[0]=0x00000000, sa_flags=0x00000000
SIGTERM: SIG_DFL, sa_mask[0]=0x00000000, sa_flags=0x00000000
SIGQUIT: SIG_DFL, sa_mask[0]=0x00000000, sa_flags=0x00000000


---------------  S Y S T E M  ---------------

OS:wheezy/sid

uname:Linux 3.8.0-29-generic #42~precise1-Ubuntu SMP Wed Aug 14 16:19:23 UTC 2013 x86_64
libc:glibc 2.15 NPTL 2.15 
rlimit: STACK 8192k, CORE 0k, NPROC 63343, NOFILE 4096, AS infinity
load average:0.77 0.75 0.92

/proc/meminfo:
MemTotal:        8126888 kB
MemFree:          244860 kB
Buffers:         2081472 kB
Cached:          3043832 kB
SwapCached:            4 kB
Active:          3928716 kB
Inactive:        3407608 kB
Active(anon):    1369876 kB
Inactive(anon):   861576 kB
Active(file):    2558840 kB
Inactive(file):  2546032 kB
Unevictable:        2680 kB
Mlocked:               0 kB
SwapTotal:        262140 kB
SwapFree:         257304 kB
Dirty:               156 kB
Writeback:             0 kB
AnonPages:       2213792 kB
Mapped:           263680 kB
Shmem:             17784 kB
Slab:             343992 kB
SReclaimable:     301044 kB
SUnreclaim:        42948 kB
KernelStack:        4512 kB
PageTables:        38296 kB
NFS_Unstable:          0 kB
Bounce:                0 kB
WritebackTmp:          0 kB
CommitLimit:     4325584 kB
Committed_AS:    5014984 kB
VmallocTotal:   34359738367 kB
VmallocUsed:      130664 kB
VmallocChunk:   34359601144 kB
HardwareCorrupted:     0 kB
AnonHugePages:         0 kB
HugePages_Total:       0
HugePages_Free:        0
HugePages_Rsvd:        0
HugePages_Surp:        0
Hugepagesize:       2048 kB
DirectMap4k:     2187264 kB
DirectMap2M:     6176768 kB


CPU:total 8 (4 cores per cpu, 2 threads per core) family 6 model 58 stepping 9, cmov, cx8, fxsr, mmx, sse, sse2, sse3, ssse3, sse4.1, sse4.2, popcnt, avx, aes, erms, ht, tsc, tscinvbit, tscinv

/proc/cpuinfo:
processor	: 0
vendor_id	: GenuineIntel
cpu family	: 6
model		: 58
model name	: Intel(R) Core(TM) i7-3630QM CPU @ 2.40GHz
stepping	: 9
microcode	: 0x15
cpu MHz		: 2401.000
cache size	: 6144 KB
physical id	: 0
siblings	: 8
core id		: 0
cpu cores	: 4
apicid		: 0
initial apicid	: 0
fpu		: yes
fpu_exception	: yes
cpuid level	: 13
wp		: yes
flags		: fpu vme de pse tsc msr pae mce cx8 apic sep mtrr pge mca cmov pat pse36 clflush dts acpi mmx fxsr sse sse2 ss ht tm pbe syscall nx rdtscp lm constant_tsc arch_perfmon pebs bts rep_good nopl xtopology nonstop_tsc aperfmperf eagerfpu pni pclmulqdq dtes64 monitor ds_cpl vmx est tm2 ssse3 cx16 xtpr pdcm pcid sse4_1 sse4_2 x2apic popcnt tsc_deadline_timer aes xsave avx f16c rdrand lahf_lm ida arat epb xsaveopt pln pts dtherm tpr_shadow vnmi flexpriority ept vpid fsgsbase smep erms
bogomips	: 4789.13
clflush size	: 64
cache_alignment	: 64
address sizes	: 36 bits physical, 48 bits virtual
power management:

processor	: 1
vendor_id	: GenuineIntel
cpu family	: 6
model		: 58
model name	: Intel(R) Core(TM) i7-3630QM CPU @ 2.40GHz
stepping	: 9
microcode	: 0x15
cpu MHz		: 1200.000
cache size	: 6144 KB
physical id	: 0
siblings	: 8
core id		: 0
cpu cores	: 4
apicid		: 1
initial apicid	: 1
fpu		: yes
fpu_exception	: yes
cpuid level	: 13
wp		: yes
flags		: fpu vme de pse tsc msr pae mce cx8 apic sep mtrr pge mca cmov pat pse36 clflush dts acpi mmx fxsr sse sse2 ss ht tm pbe syscall nx rdtscp lm constant_tsc arch_perfmon pebs bts rep_good nopl xtopology nonstop_tsc aperfmperf eagerfpu pni pclmulqdq dtes64 monitor ds_cpl vmx est tm2 ssse3 cx16 xtpr pdcm pcid sse4_1 sse4_2 x2apic popcnt tsc_deadline_timer aes xsave avx f16c rdrand lahf_lm ida arat epb xsaveopt pln pts dtherm tpr_shadow vnmi flexpriority ept vpid fsgsbase smep erms
bogomips	: 4789.13
clflush size	: 64
cache_alignment	: 64
address sizes	: 36 bits physical, 48 bits virtual
power management:

processor	: 2
vendor_id	: GenuineIntel
cpu family	: 6
model		: 58
model name	: Intel(R) Core(TM) i7-3630QM CPU @ 2.40GHz
stepping	: 9
microcode	: 0x15
cpu MHz		: 1200.000
cache size	: 6144 KB
physical id	: 0
siblings	: 8
core id		: 1
cpu cores	: 4
apicid		: 2
initial apicid	: 2
fpu		: yes
fpu_exception	: yes
cpuid level	: 13
wp		: yes
flags		: fpu vme de pse tsc msr pae mce cx8 apic sep mtrr pge mca cmov pat pse36 clflush dts acpi mmx fxsr sse sse2 ss ht tm pbe syscall nx rdtscp lm constant_tsc arch_perfmon pebs bts rep_good nopl xtopology nonstop_tsc aperfmperf eagerfpu pni pclmulqdq dtes64 monitor ds_cpl vmx est tm2 ssse3 cx16 xtpr pdcm pcid sse4_1 sse4_2 x2apic popcnt tsc_deadline_timer aes xsave avx f16c rdrand lahf_lm ida arat epb xsaveopt pln pts dtherm tpr_shadow vnmi flexpriority ept vpid fsgsbase smep erms
bogomips	: 4789.13
clflush size	: 64
cache_alignment	: 64
address sizes	: 36 bits physical, 48 bits virtual
power management:

processor	: 3
vendor_id	: GenuineIntel
cpu family	: 6
model		: 58
model name	: Intel(R) Core(TM) i7-3630QM CPU @ 2.40GHz
stepping	: 9
microcode	: 0x15
cpu MHz		: 2401.000
cache size	: 6144 KB
physical id	: 0
siblings	: 8
core id		: 1
cpu cores	: 4
apicid		: 3
initial apicid	: 3
fpu		: yes
fpu_exception	: yes
cpuid level	: 13
wp		: yes
flags		: fpu vme de pse tsc msr pae mce cx8 apic sep mtrr pge mca cmov pat pse36 clflush dts acpi mmx fxsr sse sse2 ss ht tm pbe syscall nx rdtscp lm constant_tsc arch_perfmon pebs bts rep_good nopl xtopology nonstop_tsc aperfmperf eagerfpu pni pclmulqdq dtes64 monitor ds_cpl vmx est tm2 ssse3 cx16 xtpr pdcm pcid sse4_1 sse4_2 x2apic popcnt tsc_deadline_timer aes xsave avx f16c rdrand lahf_lm ida arat epb xsaveopt pln pts dtherm tpr_shadow vnmi flexpriority ept vpid fsgsbase smep erms
bogomips	: 4789.13
clflush size	: 64
cache_alignment	: 64
address sizes	: 36 bits physical, 48 bits virtual
power management:

processor	: 4
vendor_id	: GenuineIntel
cpu family	: 6
model		: 58
model name	: Intel(R) Core(TM) i7-3630QM CPU @ 2.40GHz
stepping	: 9
microcode	: 0x15
cpu MHz		: 1200.000
cache size	: 6144 KB
physical id	: 0
siblings	: 8
core id		: 2
cpu cores	: 4
apicid		: 4
initial apicid	: 4
fpu		: yes
fpu_exception	: yes
cpuid level	: 13
wp		: yes
flags		: fpu vme de pse tsc msr pae mce cx8 apic sep mtrr pge mca cmov pat pse36 clflush dts acpi mmx fxsr sse sse2 ss ht tm pbe syscall nx rdtscp lm constant_tsc arch_perfmon pebs bts rep_good nopl xtopology nonstop_tsc aperfmperf eagerfpu pni pclmulqdq dtes64 monitor ds_cpl vmx est tm2 ssse3 cx16 xtpr pdcm pcid sse4_1 sse4_2 x2apic popcnt tsc_deadline_timer aes xsave avx f16c rdrand lahf_lm ida arat epb xsaveopt pln pts dtherm tpr_shadow vnmi flexpriority ept vpid fsgsbase smep erms
bogomips	: 4789.13
clflush size	: 64
cache_alignment	: 64
address sizes	: 36 bits physical, 48 bits virtual
power management:

processor	: 5
vendor_id	: GenuineIntel
cpu family	: 6
model		: 58
model name	: Intel(R) Core(TM) i7-3630QM CPU @ 2.40GHz
stepping	: 9
microcode	: 0x15
cpu MHz		: 2401.000
cache size	: 6144 KB
physical id	: 0
siblings	: 8
core id		: 2
cpu cores	: 4
apicid		: 5
initial apicid	: 5
fpu		: yes
fpu_exception	: yes
cpuid level	: 13
wp		: yes
flags		: fpu vme de pse tsc msr pae mce cx8 apic sep mtrr pge mca cmov pat pse36 clflush dts acpi mmx fxsr sse sse2 ss ht tm pbe syscall nx rdtscp lm constant_tsc arch_perfmon pebs bts rep_good nopl xtopology nonstop_tsc aperfmperf eagerfpu pni pclmulqdq dtes64 monitor ds_cpl vmx est tm2 ssse3 cx16 xtpr pdcm pcid sse4_1 sse4_2 x2apic popcnt tsc_deadline_timer aes xsave avx f16c rdrand lahf_lm ida arat epb xsaveopt pln pts dtherm tpr_shadow vnmi flexpriority ept vpid fsgsbase smep erms
bogomips	: 4789.13
clflush size	: 64
cache_alignment	: 64
address sizes	: 36 bits physical, 48 bits virtual
power management:

processor	: 6
vendor_id	: GenuineIntel
cpu family	: 6
model		: 58
model name	: Intel(R) Core(TM) i7-3630QM CPU @ 2.40GHz
stepping	: 9
microcode	: 0x15
cpu MHz		: 1200.000
cache size	: 6144 KB
physical id	: 0
siblings	: 8
core id		: 3
cpu cores	: 4
apicid		: 6
initial apicid	: 6
fpu		: yes
fpu_exception	: yes
cpuid level	: 13
wp		: yes
flags		: fpu vme de pse tsc msr pae mce cx8 apic sep mtrr pge mca cmov pat pse36 clflush dts acpi mmx fxsr sse sse2 ss ht tm pbe syscall nx rdtscp lm constant_tsc arch_perfmon pebs bts rep_good nopl xtopology nonstop_tsc aperfmperf eagerfpu pni pclmulqdq dtes64 monitor ds_cpl vmx est tm2 ssse3 cx16 xtpr pdcm pcid sse4_1 sse4_2 x2apic popcnt tsc_deadline_timer aes xsave avx f16c rdrand lahf_lm ida arat epb xsaveopt pln pts dtherm tpr_shadow vnmi flexpriority ept vpid fsgsbase smep erms
bogomips	: 4789.13
clflush size	: 64
cache_alignment	: 64
address sizes	: 36 bits physical, 48 bits virtual
power management:

processor	: 7
vendor_id	: GenuineIntel
cpu family	: 6
model		: 58
model name	: Intel(R) Core(TM) i7-3630QM CPU @ 2.40GHz
stepping	: 9
microcode	: 0x15
cpu MHz		: 1200.000
cache size	: 6144 KB
physical id	: 0
siblings	: 8
core id		: 3
cpu cores	: 4
apicid		: 7
initial apicid	: 7
fpu		: yes
fpu_exception	: yes
cpuid level	: 13
wp		: yes
flags		: fpu vme de pse tsc msr pae mce cx8 apic sep mtrr pge mca cmov pat pse36 clflush dts acpi mmx fxsr sse sse2 ss ht tm pbe syscall nx rdtscp lm constant_tsc arch_perfmon pebs bts rep_good nopl xtopology nonstop_tsc aperfmperf eagerfpu pni pclmulqdq dtes64 monitor ds_cpl vmx est tm2 ssse3 cx16 xtpr pdcm pcid sse4_1 sse4_2 x2apic popcnt tsc_deadline_timer aes xsave avx f16c rdrand lahf_lm ida arat epb xsaveopt pln pts dtherm tpr_shadow vnmi flexpriority ept vpid fsgsbase smep erms
bogomips	: 4789.13
clflush size	: 64
cache_alignment	: 64
address sizes	: 36 bits physical, 48 bits virtual
power management:



Memory: 4k page, physical 8126888k(244860k free), swap 262140k(257304k free)

vm_info: Java HotSpot(TM) 64-Bit Server VM (24.51-b03) for linux-amd64 JRE (1.7.0_51-b13), built on Dec 18 2013 18:48:01 by "java_re" with gcc 4.3.0 20080428 (Red Hat 4.3.0-8)

time: Mon Jan 27 11:04:08 2014
elapsed time: 0 seconds

