#
# A fatal error has been detected by the Java Runtime Environment:
#
#  Internal Error (javaClasses.cpp:136), pid=8074, tid=140111833114368
#  fatal error: Invalid layout of preloaded class
#
# JRE version:  (7.0_51-b13) (build )
# Java VM: Java HotSpot(TM) 64-Bit Server VM (24.51-b03 mixed mode linux-amd64 compressed oops)
# Failed to write core dump. Core dumps have been disabled. To enable core dumping, try "ulimit -c unlimited" before starting Java again
#
# If you would like to submit a bug report, please visit:
#   http://bugreport.sun.com/bugreport/crash.jsp
#

---------------  T H R E A D  ---------------

Current thread (0x00007f6e4c009800):  JavaThread "Unknown thread" [_thread_in_vm, id=8079, stack(0x00007f6e53faa000,0x00007f6e540ab000)]

Stack: [0x00007f6e53faa000,0x00007f6e540ab000],  sp=0x00007f6e540a97c0,  free space=1021k
Native frames: (J=compiled Java code, j=interpreted, Vv=VM code, C=native code)
V  [libjvm.so+0x992f4a]  VMError::report_and_die()+0x2ea
V  [libjvm.so+0x493569]  report_fatal(char const*, int, char const*)+0x59
V  [libjvm.so+0x5fdce0]  compute_offset(int&, klassOopDesc*, Symbol*, Symbol*, bool)+0x140
V  [libjvm.so+0x5fe7f9]  java_lang_String::compute_offsets()+0x39
V  [libjvm.so+0x9191c5]  SystemDictionary::initialize_preloaded_classes(Thread*)+0x1a5
V  [libjvm.so+0x967f04]  Universe::genesis(Thread*)+0x494
V  [libjvm.so+0x9683b9]  universe2_init()+0x29
V  [libjvm.so+0x5a967d]  init_globals()+0xbd
V  [libjvm.so+0x94ef8d]  Threads::create_vm(JavaVMInitArgs*, bool*)+0x1ed
V  [libjvm.so+0x6307e4]  JNI_CreateJavaVM+0x74
C  [libjli.so+0x2f8e]  JavaMain+0x9e


---------------  P R O C E S S  ---------------

Java Threads: ( => current thread )

Other Threads:

=>0x00007f6e4c009800 (exited) JavaThread "Unknown thread" [_thread_in_vm, id=8079, stack(0x00007f6e53faa000,0x00007f6e540ab000)]

VM state:not at safepoint (not fully initialized)

VM Mutex/Monitor currently owned by a thread: None

GC Heap History (0 events):
No events

Deoptimization events (0 events):
No events

Internal exceptions (0 events):
No events

Events (10 events):
Event: 0.005 loading class 0x00007f6e503346f0 done
Event: 0.006 loading class 0x00007f6e50334110 done
Event: 0.006 loading class 0x00007f6e503340f0
Event: 0.006 loading class 0x00007f6e5033c1f0
Event: 0.006 loading class 0x00007f6e5033c1f0 done
Event: 0.006 loading class 0x00007f6e5033c220
Event: 0.006 loading class 0x00007f6e5033c220 done
Event: 0.006 loading class 0x00007f6e5033c250
Event: 0.006 loading class 0x00007f6e5033c250 done
Event: 0.006 loading class 0x00007f6e503340f0 done


Dynamic libraries:
00400000-00401000 r-xp 00000000 07:00 446726                             /usr/lib/jvm/java-7-oracle/bin/java
00600000-00601000 rw-p 00000000 07:00 446726                             /usr/lib/jvm/java-7-oracle/bin/java
0217b000-0219c000 rw-p 00000000 00:00 0                                  [heap]
77ec00000-780100000 rw-p 00000000 00:00 0 
780100000-783e00000 rw-p 00000000 00:00 0 
783e00000-789080000 rw-p 00000000 00:00 0 
789080000-7d6a00000 rw-p 00000000 00:00 0 
7d6a00000-7d9380000 rw-p 00000000 00:00 0 
7d9380000-800000000 rw-p 00000000 00:00 0 
7f6e07f60000-7f6e0c000000 rw-p 00000000 00:00 0 
7f6e0c000000-7f6e0c021000 rw-p 00000000 00:00 0 
7f6e0c021000-7f6e10000000 ---p 00000000 00:00 0 
7f6e14000000-7f6e14021000 rw-p 00000000 00:00 0 
7f6e14021000-7f6e18000000 ---p 00000000 00:00 0 
7f6e1c000000-7f6e1c021000 rw-p 00000000 00:00 0 
7f6e1c021000-7f6e20000000 ---p 00000000 00:00 0 
7f6e24000000-7f6e24021000 rw-p 00000000 00:00 0 
7f6e24021000-7f6e28000000 ---p 00000000 00:00 0 
7f6e2c000000-7f6e2c021000 rw-p 00000000 00:00 0 
7f6e2c021000-7f6e30000000 ---p 00000000 00:00 0 
7f6e34000000-7f6e34021000 rw-p 00000000 00:00 0 
7f6e34021000-7f6e38000000 ---p 00000000 00:00 0 
7f6e3c000000-7f6e3c021000 rw-p 00000000 00:00 0 
7f6e3c021000-7f6e40000000 ---p 00000000 00:00 0 
7f6e44000000-7f6e44021000 rw-p 00000000 00:00 0 
7f6e44021000-7f6e48000000 ---p 00000000 00:00 0 
7f6e48a8b000-7f6e49000000 rw-p 00000000 00:00 0 
7f6e49000000-7f6e49270000 rwxp 00000000 00:00 0 
7f6e49270000-7f6e4c05c000 rw-p 00000000 00:00 0 
7f6e4c05c000-7f6e50000000 ---p 00000000 00:00 0 
7f6e500e6000-7f6e501e7000 rw-p 00000000 00:00 0 
7f6e501e7000-7f6e502be000 r--s 013fe000 07:00 29089                      /home/pyro-lappy/android-sdks/platforms/android-19/android.jar
7f6e502be000-7f6e503e0000 rw-p 00000000 00:00 0 
7f6e503e0000-7f6e503e1000 ---p 00000000 00:00 0 
7f6e503e1000-7f6e504e1000 rw-p 00000000 00:00 0                          [stack:8087]
7f6e504e1000-7f6e504e2000 ---p 00000000 00:00 0 
7f6e504e2000-7f6e505e2000 rw-p 00000000 00:00 0                          [stack:8086]
7f6e505e2000-7f6e505e3000 ---p 00000000 00:00 0 
7f6e505e3000-7f6e506e3000 rw-p 00000000 00:00 0                          [stack:8085]
7f6e506e3000-7f6e506e4000 ---p 00000000 00:00 0 
7f6e506e4000-7f6e507e4000 rw-p 00000000 00:00 0                          [stack:8084]
7f6e507e4000-7f6e507e5000 ---p 00000000 00:00 0 
7f6e507e5000-7f6e508e5000 rw-p 00000000 00:00 0                          [stack:8083]
7f6e508e5000-7f6e508e6000 ---p 00000000 00:00 0 
7f6e508e6000-7f6e509e6000 rw-p 00000000 00:00 0                          [stack:8082]
7f6e509e6000-7f6e509e7000 ---p 00000000 00:00 0 
7f6e509e7000-7f6e50ae7000 rw-p 00000000 00:00 0                          [stack:8081]
7f6e50ae7000-7f6e50ae8000 ---p 00000000 00:00 0 
7f6e50ae8000-7f6e50bf3000 rw-p 00000000 00:00 0                          [stack:8080]
7f6e50bf3000-7f6e50c11000 rw-p 00000000 00:00 0 
7f6e50c11000-7f6e50c3b000 rw-p 00000000 00:00 0 
7f6e50c3b000-7f6e50ea7000 rw-p 00000000 00:00 0 
7f6e50ea7000-7f6e50eb2000 rw-p 00000000 00:00 0 
7f6e50eb2000-7f6e50ed0000 rw-p 00000000 00:00 0 
7f6e50ed0000-7f6e50efa000 rw-p 00000000 00:00 0 
7f6e50efa000-7f6e51166000 rw-p 00000000 00:00 0 
7f6e51166000-7f6e5117b000 rw-p 00000000 00:00 0 
7f6e5117b000-7f6e512b1000 rw-p 00000000 00:00 0 
7f6e512b1000-7f6e512b2000 rw-p 00000000 00:00 0 
7f6e512b2000-7f6e512cc000 r-xp 00000000 07:00 324857                     /usr/lib/jvm/java-7-oracle/jre/lib/amd64/libzip.so
7f6e512cc000-7f6e514cc000 ---p 0001a000 07:00 324857                     /usr/lib/jvm/java-7-oracle/jre/lib/amd64/libzip.so
7f6e514cc000-7f6e514cd000 rw-p 0001a000 07:00 324857                     /usr/lib/jvm/java-7-oracle/jre/lib/amd64/libzip.so
7f6e514cd000-7f6e514d9000 r-xp 00000000 07:00 915461                     /lib/x86_64-linux-gnu/libnss_files-2.15.so
7f6e514d9000-7f6e516d8000 ---p 0000c000 07:00 915461                     /lib/x86_64-linux-gnu/libnss_files-2.15.so
7f6e516d8000-7f6e516d9000 r--p 0000b000 07:00 915461                     /lib/x86_64-linux-gnu/libnss_files-2.15.so
7f6e516d9000-7f6e516da000 rw-p 0000c000 07:00 915461                     /lib/x86_64-linux-gnu/libnss_files-2.15.so
7f6e516da000-7f6e516e4000 r-xp 00000000 07:00 915465                     /lib/x86_64-linux-gnu/libnss_nis-2.15.so
7f6e516e4000-7f6e518e4000 ---p 0000a000 07:00 915465                     /lib/x86_64-linux-gnu/libnss_nis-2.15.so
7f6e518e4000-7f6e518e5000 r--p 0000a000 07:00 915465                     /lib/x86_64-linux-gnu/libnss_nis-2.15.so
7f6e518e5000-7f6e518e6000 rw-p 0000b000 07:00 915465                     /lib/x86_64-linux-gnu/libnss_nis-2.15.so
7f6e518e6000-7f6e518fd000 r-xp 00000000 07:00 915477                     /lib/x86_64-linux-gnu/libnsl-2.15.so
7f6e518fd000-7f6e51afc000 ---p 00017000 07:00 915477                     /lib/x86_64-linux-gnu/libnsl-2.15.so
7f6e51afc000-7f6e51afd000 r--p 00016000 07:00 915477                     /lib/x86_64-linux-gnu/libnsl-2.15.so
7f6e51afd000-7f6e51afe000 rw-p 00017000 07:00 915477                     /lib/x86_64-linux-gnu/libnsl-2.15.so
7f6e51afe000-7f6e51b00000 rw-p 00000000 00:00 0 
7f6e51b00000-7f6e51b08000 r-xp 00000000 07:00 915459                     /lib/x86_64-linux-gnu/libnss_compat-2.15.so
7f6e51b08000-7f6e51d07000 ---p 00008000 07:00 915459                     /lib/x86_64-linux-gnu/libnss_compat-2.15.so
7f6e51d07000-7f6e51d08000 r--p 00007000 07:00 915459                     /lib/x86_64-linux-gnu/libnss_compat-2.15.so
7f6e51d08000-7f6e51d09000 rw-p 00008000 07:00 915459                     /lib/x86_64-linux-gnu/libnss_compat-2.15.so
7f6e51d09000-7f6e51d32000 r-xp 00000000 07:00 324895                     /usr/lib/jvm/java-7-oracle/jre/lib/amd64/libjava.so
7f6e51d32000-7f6e51f32000 ---p 00029000 07:00 324895                     /usr/lib/jvm/java-7-oracle/jre/lib/amd64/libjava.so
7f6e51f32000-7f6e51f34000 rw-p 00029000 07:00 324895                     /usr/lib/jvm/java-7-oracle/jre/lib/amd64/libjava.so
7f6e51f34000-7f6e51f41000 r-xp 00000000 07:00 324867                     /usr/lib/jvm/java-7-oracle/jre/lib/amd64/libverify.so
7f6e51f41000-7f6e52140000 ---p 0000d000 07:00 324867                     /usr/lib/jvm/java-7-oracle/jre/lib/amd64/libverify.so
7f6e52140000-7f6e52142000 rw-p 0000c000 07:00 324867                     /usr/lib/jvm/java-7-oracle/jre/lib/amd64/libverify.so
7f6e52142000-7f6e52149000 r-xp 00000000 07:00 915464                     /lib/x86_64-linux-gnu/librt-2.15.so
7f6e52149000-7f6e52348000 ---p 00007000 07:00 915464                     /lib/x86_64-linux-gnu/librt-2.15.so
7f6e52348000-7f6e52349000 r--p 00006000 07:00 915464                     /lib/x86_64-linux-gnu/librt-2.15.so
7f6e52349000-7f6e5234a000 rw-p 00007000 07:00 915464                     /lib/x86_64-linux-gnu/librt-2.15.so
7f6e5234a000-7f6e52445000 r-xp 00000000 07:00 915468                     /lib/x86_64-linux-gnu/libm-2.15.so
7f6e52445000-7f6e52644000 ---p 000fb000 07:00 915468                     /lib/x86_64-linux-gnu/libm-2.15.so
7f6e52644000-7f6e52645000 r--p 000fa000 07:00 915468                     /lib/x86_64-linux-gnu/libm-2.15.so
7f6e52645000-7f6e52646000 rw-p 000fb000 07:00 915468                     /lib/x86_64-linux-gnu/libm-2.15.so
7f6e52646000-7f6e531a8000 r-xp 00000000 07:00 324877                     /usr/lib/jvm/java-7-oracle/jre/lib/amd64/server/libjvm.so
7f6e531a8000-7f6e533a8000 ---p 00b62000 07:00 324877                     /usr/lib/jvm/java-7-oracle/jre/lib/amd64/server/libjvm.so
7f6e533a8000-7f6e5346b000 rw-p 00b62000 07:00 324877                     /usr/lib/jvm/java-7-oracle/jre/lib/amd64/server/libjvm.so
7f6e5346b000-7f6e534ac000 rw-p 00000000 00:00 0 
7f6e534ac000-7f6e53661000 r-xp 00000000 07:00 903172                     /lib/x86_64-linux-gnu/libc-2.15.so
7f6e53661000-7f6e53861000 ---p 001b5000 07:00 903172                     /lib/x86_64-linux-gnu/libc-2.15.so
7f6e53861000-7f6e53865000 r--p 001b5000 07:00 903172                     /lib/x86_64-linux-gnu/libc-2.15.so
7f6e53865000-7f6e53867000 rw-p 001b9000 07:00 903172                     /lib/x86_64-linux-gnu/libc-2.15.so
7f6e53867000-7f6e5386c000 rw-p 00000000 00:00 0 
7f6e5386c000-7f6e5386e000 r-xp 00000000 07:00 915472                     /lib/x86_64-linux-gnu/libdl-2.15.so
7f6e5386e000-7f6e53a6e000 ---p 00002000 07:00 915472                     /lib/x86_64-linux-gnu/libdl-2.15.so
7f6e53a6e000-7f6e53a6f000 r--p 00002000 07:00 915472                     /lib/x86_64-linux-gnu/libdl-2.15.so
7f6e53a6f000-7f6e53a70000 rw-p 00003000 07:00 915472                     /lib/x86_64-linux-gnu/libdl-2.15.so
7f6e53a70000-7f6e53a86000 r-xp 00000000 07:00 442518                     /usr/lib/jvm/java-7-oracle/lib/amd64/jli/libjli.so
7f6e53a86000-7f6e53c86000 ---p 00016000 07:00 442518                     /usr/lib/jvm/java-7-oracle/lib/amd64/jli/libjli.so
7f6e53c86000-7f6e53c87000 rw-p 00016000 07:00 442518                     /usr/lib/jvm/java-7-oracle/lib/amd64/jli/libjli.so
7f6e53c87000-7f6e53c9f000 r-xp 00000000 07:00 915466                     /lib/x86_64-linux-gnu/libpthread-2.15.so
7f6e53c9f000-7f6e53e9e000 ---p 00018000 07:00 915466                     /lib/x86_64-linux-gnu/libpthread-2.15.so
7f6e53e9e000-7f6e53e9f000 r--p 00017000 07:00 915466                     /lib/x86_64-linux-gnu/libpthread-2.15.so
7f6e53e9f000-7f6e53ea0000 rw-p 00018000 07:00 915466                     /lib/x86_64-linux-gnu/libpthread-2.15.so
7f6e53ea0000-7f6e53ea4000 rw-p 00000000 00:00 0 
7f6e53ea4000-7f6e53ec6000 r-xp 00000000 07:00 915469                     /lib/x86_64-linux-gnu/ld-2.15.so
7f6e53eea000-7f6e53ef4000 rw-p 00000000 00:00 0 
7f6e53ef4000-7f6e53faa000 rw-p 00000000 00:00 0 
7f6e53faa000-7f6e53fad000 ---p 00000000 00:00 0 
7f6e53fad000-7f6e540af000 rw-p 00000000 00:00 0                          [stack:8079]
7f6e540b8000-7f6e540ba000 rw-p 00000000 00:00 0 
7f6e540ba000-7f6e540c2000 rw-s 00000000 07:00 578635                     /tmp/hsperfdata_pyro-lappy/8074
7f6e540c2000-7f6e540c3000 rw-p 00000000 00:00 0 
7f6e540c3000-7f6e540c4000 r--p 00000000 00:00 0 
7f6e540c4000-7f6e540c6000 rw-p 00000000 00:00 0 
7f6e540c6000-7f6e540c7000 r--p 00022000 07:00 915469                     /lib/x86_64-linux-gnu/ld-2.15.so
7f6e540c7000-7f6e540c9000 rw-p 00023000 07:00 915469                     /lib/x86_64-linux-gnu/ld-2.15.so
7fffac750000-7fffac771000 rw-p 00000000 00:00 0                          [stack]
7fffac7fe000-7fffac800000 r-xp 00000000 00:00 0                          [vdso]
ffffffffff600000-ffffffffff601000 r-xp 00000000 00:00 0                  [vsyscall]

VM Arguments:
jvm_args: -Dfile.encoding=UTF-8 -Xbootclasspath:/home/pyro-lappy/android-sdks/platforms/android-19/android.jar 
java_command: uk.ac.aber.group14.Main
Launcher Type: SUN_STANDARD

Environment Variables:
PATH=/usr/lib/lightdm/lightdm:/usr/local/sbin:/usr/local/bin:/usr/sbin:/usr/bin:/sbin:/bin:/usr/games
SHELL=/bin/bash
DISPLAY=:0.0

Signal Handlers:
SIGSEGV: [libjvm.so+0x993870], sa_mask[0]=0x7ffbfeff, sa_flags=0x10000004
SIGBUS: [libjvm.so+0x993870], sa_mask[0]=0x7ffbfeff, sa_flags=0x10000004
SIGFPE: [libjvm.so+0x8105b0], sa_mask[0]=0x7ffbfeff, sa_flags=0x10000004
SIGPIPE: [libjvm.so+0x8105b0], sa_mask[0]=0x7ffbfeff, sa_flags=0x10000004
SIGXFSZ: [libjvm.so+0x8105b0], sa_mask[0]=0x7ffbfeff, sa_flags=0x10000004
SIGILL: [libjvm.so+0x8105b0], sa_mask[0]=0x7ffbfeff, sa_flags=0x10000004
SIGUSR1: SIG_DFL, sa_mask[0]=0x00000000, sa_flags=0x00000000
SIGUSR2: [libjvm.so+0x811aa0], sa_mask[0]=0x00000004, sa_flags=0x10000004
SIGHUP: SIG_DFL, sa_mask[0]=0x00000000, sa_flags=0x00000000
SIGINT: SIG_DFL, sa_mask[0]=0x00000000, sa_flags=0x00000000
SIGTERM: SIG_DFL, sa_mask[0]=0x00000000, sa_flags=0x00000000
SIGQUIT: SIG_DFL, sa_mask[0]=0x00000000, sa_flags=0x00000000


---------------  S Y S T E M  ---------------

OS:wheezy/sid

uname:Linux 3.8.0-29-generic #42~precise1-Ubuntu SMP Wed Aug 14 16:19:23 UTC 2013 x86_64
libc:glibc 2.15 NPTL 2.15 
rlimit: STACK 8192k, CORE 0k, NPROC 63343, NOFILE 4096, AS infinity
load average:0.71 0.75 0.93

/proc/meminfo:
MemTotal:        8126888 kB
MemFree:          322168 kB
Buffers:         2037132 kB
Cached:          3016272 kB
SwapCached:            4 kB
Active:          3790040 kB
Inactive:        3467900 kB
Active(anon):    1363724 kB
Inactive(anon):   861748 kB
Active(file):    2426316 kB
Inactive(file):  2606152 kB
Unevictable:        2680 kB
Mlocked:               0 kB
SwapTotal:        262140 kB
SwapFree:         257304 kB
Dirty:               528 kB
Writeback:             0 kB
AnonPages:       2207988 kB
Mapped:           263592 kB
Shmem:             17772 kB
Slab:             343640 kB
SReclaimable:     300700 kB
SUnreclaim:        42940 kB
KernelStack:        4536 kB
PageTables:        38360 kB
NFS_Unstable:          0 kB
Bounce:                0 kB
WritebackTmp:          0 kB
CommitLimit:     4325584 kB
Committed_AS:    5009412 kB
VmallocTotal:   34359738367 kB
VmallocUsed:      130664 kB
VmallocChunk:   34359601144 kB
HardwareCorrupted:     0 kB
AnonHugePages:         0 kB
HugePages_Total:       0
HugePages_Free:        0
HugePages_Rsvd:        0
HugePages_Surp:        0
Hugepagesize:       2048 kB
DirectMap4k:     2187264 kB
DirectMap2M:     6176768 kB


CPU:total 8 (4 cores per cpu, 2 threads per core) family 6 model 58 stepping 9, cmov, cx8, fxsr, mmx, sse, sse2, sse3, ssse3, sse4.1, sse4.2, popcnt, avx, aes, erms, ht, tsc, tscinvbit, tscinv

/proc/cpuinfo:
processor	: 0
vendor_id	: GenuineIntel
cpu family	: 6
model		: 58
model name	: Intel(R) Core(TM) i7-3630QM CPU @ 2.40GHz
stepping	: 9
microcode	: 0x15
cpu MHz		: 1200.000
cache size	: 6144 KB
physical id	: 0
siblings	: 8
core id		: 0
cpu cores	: 4
apicid		: 0
initial apicid	: 0
fpu		: yes
fpu_exception	: yes
cpuid level	: 13
wp		: yes
flags		: fpu vme de pse tsc msr pae mce cx8 apic sep mtrr pge mca cmov pat pse36 clflush dts acpi mmx fxsr sse sse2 ss ht tm pbe syscall nx rdtscp lm constant_tsc arch_perfmon pebs bts rep_good nopl xtopology nonstop_tsc aperfmperf eagerfpu pni pclmulqdq dtes64 monitor ds_cpl vmx est tm2 ssse3 cx16 xtpr pdcm pcid sse4_1 sse4_2 x2apic popcnt tsc_deadline_timer aes xsave avx f16c rdrand lahf_lm ida arat epb xsaveopt pln pts dtherm tpr_shadow vnmi flexpriority ept vpid fsgsbase smep erms
bogomips	: 4789.13
clflush size	: 64
cache_alignment	: 64
address sizes	: 36 bits physical, 48 bits virtual
power management:

processor	: 1
vendor_id	: GenuineIntel
cpu family	: 6
model		: 58
model name	: Intel(R) Core(TM) i7-3630QM CPU @ 2.40GHz
stepping	: 9
microcode	: 0x15
cpu MHz		: 1200.000
cache size	: 6144 KB
physical id	: 0
siblings	: 8
core id		: 0
cpu cores	: 4
apicid		: 1
initial apicid	: 1
fpu		: yes
fpu_exception	: yes
cpuid level	: 13
wp		: yes
flags		: fpu vme de pse tsc msr pae mce cx8 apic sep mtrr pge mca cmov pat pse36 clflush dts acpi mmx fxsr sse sse2 ss ht tm pbe syscall nx rdtscp lm constant_tsc arch_perfmon pebs bts rep_good nopl xtopology nonstop_tsc aperfmperf eagerfpu pni pclmulqdq dtes64 monitor ds_cpl vmx est tm2 ssse3 cx16 xtpr pdcm pcid sse4_1 sse4_2 x2apic popcnt tsc_deadline_timer aes xsave avx f16c rdrand lahf_lm ida arat epb xsaveopt pln pts dtherm tpr_shadow vnmi flexpriority ept vpid fsgsbase smep erms
bogomips	: 4789.13
clflush size	: 64
cache_alignment	: 64
address sizes	: 36 bits physical, 48 bits virtual
power management:

processor	: 2
vendor_id	: GenuineIntel
cpu family	: 6
model		: 58
model name	: Intel(R) Core(TM) i7-3630QM CPU @ 2.40GHz
stepping	: 9
microcode	: 0x15
cpu MHz		: 1200.000
cache size	: 6144 KB
physical id	: 0
siblings	: 8
core id		: 1
cpu cores	: 4
apicid		: 2
initial apicid	: 2
fpu		: yes
fpu_exception	: yes
cpuid level	: 13
wp		: yes
flags		: fpu vme de pse tsc msr pae mce cx8 apic sep mtrr pge mca cmov pat pse36 clflush dts acpi mmx fxsr sse sse2 ss ht tm pbe syscall nx rdtscp lm constant_tsc arch_perfmon pebs bts rep_good nopl xtopology nonstop_tsc aperfmperf eagerfpu pni pclmulqdq dtes64 monitor ds_cpl vmx est tm2 ssse3 cx16 xtpr pdcm pcid sse4_1 sse4_2 x2apic popcnt tsc_deadline_timer aes xsave avx f16c rdrand lahf_lm ida arat epb xsaveopt pln pts dtherm tpr_shadow vnmi flexpriority ept vpid fsgsbase smep erms
bogomips	: 4789.13
clflush size	: 64
cache_alignment	: 64
address sizes	: 36 bits physical, 48 bits virtual
power management:

processor	: 3
vendor_id	: GenuineIntel
cpu family	: 6
model		: 58
model name	: Intel(R) Core(TM) i7-3630QM CPU @ 2.40GHz
stepping	: 9
microcode	: 0x15
cpu MHz		: 1200.000
cache size	: 6144 KB
physical id	: 0
siblings	: 8
core id		: 1
cpu cores	: 4
apicid		: 3
initial apicid	: 3
fpu		: yes
fpu_exception	: yes
cpuid level	: 13
wp		: yes
flags		: fpu vme de pse tsc msr pae mce cx8 apic sep mtrr pge mca cmov pat pse36 clflush dts acpi mmx fxsr sse sse2 ss ht tm pbe syscall nx rdtscp lm constant_tsc arch_perfmon pebs bts rep_good nopl xtopology nonstop_tsc aperfmperf eagerfpu pni pclmulqdq dtes64 monitor ds_cpl vmx est tm2 ssse3 cx16 xtpr pdcm pcid sse4_1 sse4_2 x2apic popcnt tsc_deadline_timer aes xsave avx f16c rdrand lahf_lm ida arat epb xsaveopt pln pts dtherm tpr_shadow vnmi flexpriority ept vpid fsgsbase smep erms
bogomips	: 4789.13
clflush size	: 64
cache_alignment	: 64
address sizes	: 36 bits physical, 48 bits virtual
power management:

processor	: 4
vendor_id	: GenuineIntel
cpu family	: 6
model		: 58
model name	: Intel(R) Core(TM) i7-3630QM CPU @ 2.40GHz
stepping	: 9
microcode	: 0x15
cpu MHz		: 2401.000
cache size	: 6144 KB
physical id	: 0
siblings	: 8
core id		: 2
cpu cores	: 4
apicid		: 4
initial apicid	: 4
fpu		: yes
fpu_exception	: yes
cpuid level	: 13
wp		: yes
flags		: fpu vme de pse tsc msr pae mce cx8 apic sep mtrr pge mca cmov pat pse36 clflush dts acpi mmx fxsr sse sse2 ss ht tm pbe syscall nx rdtscp lm constant_tsc arch_perfmon pebs bts rep_good nopl xtopology nonstop_tsc aperfmperf eagerfpu pni pclmulqdq dtes64 monitor ds_cpl vmx est tm2 ssse3 cx16 xtpr pdcm pcid sse4_1 sse4_2 x2apic popcnt tsc_deadline_timer aes xsave avx f16c rdrand lahf_lm ida arat epb xsaveopt pln pts dtherm tpr_shadow vnmi flexpriority ept vpid fsgsbase smep erms
bogomips	: 4789.13
clflush size	: 64
cache_alignment	: 64
address sizes	: 36 bits physical, 48 bits virtual
power management:

processor	: 5
vendor_id	: GenuineIntel
cpu family	: 6
model		: 58
model name	: Intel(R) Core(TM) i7-3630QM CPU @ 2.40GHz
stepping	: 9
microcode	: 0x15
cpu MHz		: 1200.000
cache size	: 6144 KB
physical id	: 0
siblings	: 8
core id		: 2
cpu cores	: 4
apicid		: 5
initial apicid	: 5
fpu		: yes
fpu_exception	: yes
cpuid level	: 13
wp		: yes
flags		: fpu vme de pse tsc msr pae mce cx8 apic sep mtrr pge mca cmov pat pse36 clflush dts acpi mmx fxsr sse sse2 ss ht tm pbe syscall nx rdtscp lm constant_tsc arch_perfmon pebs bts rep_good nopl xtopology nonstop_tsc aperfmperf eagerfpu pni pclmulqdq dtes64 monitor ds_cpl vmx est tm2 ssse3 cx16 xtpr pdcm pcid sse4_1 sse4_2 x2apic popcnt tsc_deadline_timer aes xsave avx f16c rdrand lahf_lm ida arat epb xsaveopt pln pts dtherm tpr_shadow vnmi flexpriority ept vpid fsgsbase smep erms
bogomips	: 4789.13
clflush size	: 64
cache_alignment	: 64
address sizes	: 36 bits physical, 48 bits virtual
power management:

processor	: 6
vendor_id	: GenuineIntel
cpu family	: 6
model		: 58
model name	: Intel(R) Core(TM) i7-3630QM CPU @ 2.40GHz
stepping	: 9
microcode	: 0x15
cpu MHz		: 1200.000
cache size	: 6144 KB
physical id	: 0
siblings	: 8
core id		: 3
cpu cores	: 4
apicid		: 6
initial apicid	: 6
fpu		: yes
fpu_exception	: yes
cpuid level	: 13
wp		: yes
flags		: fpu vme de pse tsc msr pae mce cx8 apic sep mtrr pge mca cmov pat pse36 clflush dts acpi mmx fxsr sse sse2 ss ht tm pbe syscall nx rdtscp lm constant_tsc arch_perfmon pebs bts rep_good nopl xtopology nonstop_tsc aperfmperf eagerfpu pni pclmulqdq dtes64 monitor ds_cpl vmx est tm2 ssse3 cx16 xtpr pdcm pcid sse4_1 sse4_2 x2apic popcnt tsc_deadline_timer aes xsave avx f16c rdrand lahf_lm ida arat epb xsaveopt pln pts dtherm tpr_shadow vnmi flexpriority ept vpid fsgsbase smep erms
bogomips	: 4789.13
clflush size	: 64
cache_alignment	: 64
address sizes	: 36 bits physical, 48 bits virtual
power management:

processor	: 7
vendor_id	: GenuineIntel
cpu family	: 6
model		: 58
model name	: Intel(R) Core(TM) i7-3630QM CPU @ 2.40GHz
stepping	: 9
microcode	: 0x15
cpu MHz		: 1200.000
cache size	: 6144 KB
physical id	: 0
siblings	: 8
core id		: 3
cpu cores	: 4
apicid		: 7
initial apicid	: 7
fpu		: yes
fpu_exception	: yes
cpuid level	: 13
wp		: yes
flags		: fpu vme de pse tsc msr pae mce cx8 apic sep mtrr pge mca cmov pat pse36 clflush dts acpi mmx fxsr sse sse2 ss ht tm pbe syscall nx rdtscp lm constant_tsc arch_perfmon pebs bts rep_good nopl xtopology nonstop_tsc aperfmperf eagerfpu pni pclmulqdq dtes64 monitor ds_cpl vmx est tm2 ssse3 cx16 xtpr pdcm pcid sse4_1 sse4_2 x2apic popcnt tsc_deadline_timer aes xsave avx f16c rdrand lahf_lm ida arat epb xsaveopt pln pts dtherm tpr_shadow vnmi flexpriority ept vpid fsgsbase smep erms
bogomips	: 4789.13
clflush size	: 64
cache_alignment	: 64
address sizes	: 36 bits physical, 48 bits virtual
power management:



Memory: 4k page, physical 8126888k(322168k free), swap 262140k(257304k free)

vm_info: Java HotSpot(TM) 64-Bit Server VM (24.51-b03) for linux-amd64 JRE (1.7.0_51-b13), built on Dec 18 2013 18:48:01 by "java_re" with gcc 4.3.0 20080428 (Red Hat 4.3.0-8)

time: Mon Jan 27 11:03:26 2014
elapsed time: 0 seconds

